2022-05-02 14:26:57.054 [main] INFO  c.f.z.ZhangkuiSpringStudyApplication.logStarting 55 - Starting ZhangkuiSpringStudyApplication using Java 1.8.0_202 on zhangkuideMacBook-Pro.local with PID 41763 (/Users/zhangkui/学习/自己总结/firebird/zhangkui-spring-study/build/classes/java/main started by zhangkui in /Users/zhangkui/学习/自己总结/firebird/zhangkui-spring-study) 
2022-05-02 14:26:57.058 [main] INFO  c.f.z.ZhangkuiSpringStudyApplication.logStartupProfileInfo 640 - No active profile set, falling back to 1 default profile: "default" 
2022-05-02 14:26:57.881 [main] INFO  o.s.b.w.e.tomcat.TomcatWebServer.initialize 108 - Tomcat initialized with port(s): 8080 (http) 
2022-05-02 14:26:57.890 [main] INFO  o.a.coyote.http11.Http11NioProtocol.log 173 - Initializing ProtocolHandler ["http-nio-8080"] 
2022-05-02 14:26:57.891 [main] INFO  o.a.catalina.core.StandardService.log 173 - Starting service [Tomcat] 
2022-05-02 14:26:57.891 [main] INFO  o.a.catalina.core.StandardEngine.log 173 - Starting Servlet engine: [Apache Tomcat/9.0.62] 
2022-05-02 14:26:58.007 [main] INFO  o.a.c.c.C.[Tomcat].[localhost].[/].log 173 - Initializing Spring embedded WebApplicationContext 
2022-05-02 14:26:58.008 [main] INFO  o.s.b.w.s.c.ServletWebServerApplicationContext.prepareWebApplicationContext 290 - Root WebApplicationContext: initialization completed in 892 ms 
2022-05-02 14:26:58.307 [main] INFO  o.a.coyote.http11.Http11NioProtocol.log 173 - Starting ProtocolHandler ["http-nio-8080"] 
2022-05-02 14:26:58.331 [main] INFO  o.s.b.w.e.tomcat.TomcatWebServer.start 220 - Tomcat started on port(s): 8080 (http) with context path '' 
2022-05-02 14:26:58.339 [main] INFO  c.f.z.ZhangkuiSpringStudyApplication.logStarted 61 - Started ZhangkuiSpringStudyApplication in 1.72 seconds (JVM running for 2.408) 
2022-05-02 18:49:08.271 [main] INFO  c.f.z.ZhangkuiSpringStudyApplication.logStarting 55 - Starting ZhangkuiSpringStudyApplication using Java 1.8.0_202 on zhangkuideMacBook-Pro.local with PID 43749 (/Users/zhangkui/学习/自己总结/firebird/zhangkui-spring-study/build/classes/java/main started by zhangkui in /Users/zhangkui/学习/自己总结/firebird/zhangkui-spring-study) 
2022-05-02 18:49:08.275 [main] INFO  c.f.z.ZhangkuiSpringStudyApplication.logStartupProfileInfo 640 - No active profile set, falling back to 1 default profile: "default" 
2022-05-02 18:49:09.177 [main] INFO  o.s.b.w.e.tomcat.TomcatWebServer.initialize 108 - Tomcat initialized with port(s): 8080 (http) 
2022-05-02 18:49:09.186 [main] INFO  o.a.coyote.http11.Http11NioProtocol.log 173 - Initializing ProtocolHandler ["http-nio-8080"] 
2022-05-02 18:49:09.187 [main] INFO  o.a.catalina.core.StandardService.log 173 - Starting service [Tomcat] 
2022-05-02 18:49:09.187 [main] INFO  o.a.catalina.core.StandardEngine.log 173 - Starting Servlet engine: [Apache Tomcat/9.0.62] 
2022-05-02 18:49:09.301 [main] INFO  o.a.c.c.C.[Tomcat].[localhost].[/].log 173 - Initializing Spring embedded WebApplicationContext 
2022-05-02 18:49:09.302 [main] INFO  o.s.b.w.s.c.ServletWebServerApplicationContext.prepareWebApplicationContext 290 - Root WebApplicationContext: initialization completed in 986 ms 
2022-05-02 18:49:09.587 [main] INFO  o.a.coyote.http11.Http11NioProtocol.log 173 - Starting ProtocolHandler ["http-nio-8080"] 
2022-05-02 18:49:09.598 [main] WARN  o.s.b.w.s.c.AnnotationConfigServletWebServerApplicationContext.refresh 591 - Exception encountered during context initialization - cancelling refresh attempt: org.springframework.context.ApplicationContextException: Failed to start bean 'webServerStartStop'; nested exception is org.springframework.boot.web.server.PortInUseException: Port 8080 is already in use 
2022-05-02 18:49:09.600 [main] INFO  o.a.coyote.http11.Http11NioProtocol.log 173 - Pausing ProtocolHandler ["http-nio-8080"] 
2022-05-02 18:49:09.601 [main] INFO  o.a.catalina.core.StandardService.log 173 - Stopping service [Tomcat] 
2022-05-02 18:49:09.604 [main] INFO  o.a.coyote.http11.Http11NioProtocol.log 173 - Stopping ProtocolHandler ["http-nio-8080"] 
2022-05-02 18:49:09.604 [main] INFO  o.a.coyote.http11.Http11NioProtocol.log 173 - Destroying ProtocolHandler ["http-nio-8080"] 
2022-05-02 18:49:09.610 [main] INFO  o.s.b.a.l.ConditionEvaluationReportLoggingListener.logMessage 136 - 

Error starting ApplicationContext. To display the conditions report re-run your application with 'debug' enabled. 
2022-05-02 18:49:09.629 [main] ERROR o.s.b.d.LoggingFailureAnalysisReporter.report 40 - 

***************************
APPLICATION FAILED TO START
***************************

Description:

Web server failed to start. Port 8080 was already in use.

Action:

Identify and stop the process that's listening on port 8080 or configure this application to listen on another port.
 
2022-05-02 18:59:00.614 [main] INFO  c.f.z.ZhangkuiSpringStudyApplication.logStarting 55 - Starting ZhangkuiSpringStudyApplication using Java 1.8.0_202 on zhangkuideMacBook-Pro.local with PID 44352 (/Users/zhangkui/学习/自己总结/firebird/zhangkui-spring-study/build/classes/java/main started by zhangkui in /Users/zhangkui/学习/自己总结/firebird/zhangkui-spring-study) 
2022-05-02 18:59:00.617 [main] INFO  c.f.z.ZhangkuiSpringStudyApplication.logStartupProfileInfo 640 - No active profile set, falling back to 1 default profile: "default" 
2022-05-02 18:59:01.519 [main] INFO  o.s.b.w.e.tomcat.TomcatWebServer.initialize 108 - Tomcat initialized with port(s): 8080 (http) 
2022-05-02 18:59:01.528 [main] INFO  o.a.coyote.http11.Http11NioProtocol.log 173 - Initializing ProtocolHandler ["http-nio-8080"] 
2022-05-02 18:59:01.529 [main] INFO  o.a.catalina.core.StandardService.log 173 - Starting service [Tomcat] 
2022-05-02 18:59:01.530 [main] INFO  o.a.catalina.core.StandardEngine.log 173 - Starting Servlet engine: [Apache Tomcat/9.0.62] 
2022-05-02 18:59:01.667 [main] INFO  o.a.c.c.C.[Tomcat].[localhost].[/].log 173 - Initializing Spring embedded WebApplicationContext 
2022-05-02 18:59:01.668 [main] INFO  o.s.b.w.s.c.ServletWebServerApplicationContext.prepareWebApplicationContext 290 - Root WebApplicationContext: initialization completed in 1013 ms 
2022-05-02 18:59:01.992 [main] INFO  o.a.coyote.http11.Http11NioProtocol.log 173 - Starting ProtocolHandler ["http-nio-8080"] 
2022-05-02 18:59:02.021 [main] INFO  o.s.b.w.e.tomcat.TomcatWebServer.start 220 - Tomcat started on port(s): 8080 (http) with context path '' 
2022-05-02 18:59:02.029 [main] INFO  c.f.z.ZhangkuiSpringStudyApplication.logStarted 61 - Started ZhangkuiSpringStudyApplication in 1.76 seconds (JVM running for 2.89) 
2022-05-02 18:59:08.207 [http-nio-8080-exec-1] INFO  o.a.c.c.C.[Tomcat].[localhost].[/].log 173 - Initializing Spring DispatcherServlet 'dispatcherServlet' 
2022-05-02 18:59:08.208 [http-nio-8080-exec-1] INFO  o.s.web.servlet.DispatcherServlet.initServletBean 525 - Initializing Servlet 'dispatcherServlet' 
2022-05-02 18:59:08.209 [http-nio-8080-exec-1] INFO  o.s.web.servlet.DispatcherServlet.initServletBean 547 - Completed initialization in 1 ms 
2022-05-02 18:59:08.215 [http-nio-8080-exec-1] INFO  c.f.z.service.NameFilterService.doFilter 19 - start do filter 
2022-05-02 18:59:53.438 [http-nio-8080-exec-2] INFO  c.f.z.service.NameFilterService.doFilter 19 - start do filter 
2022-05-02 18:59:55.395 [http-nio-8080-exec-3] INFO  c.f.z.service.NameFilterService.doFilter 19 - start do filter 
2022-05-02 19:00:03.124 [http-nio-8080-exec-4] INFO  c.f.z.service.NameFilterService.doFilter 19 - start do filter 
2022-05-02 19:00:03.367 [http-nio-8080-exec-5] INFO  c.f.z.service.NameFilterService.doFilter 19 - start do filter 
2022-05-02 19:01:28.124 [main] INFO  c.f.z.ZhangkuiSpringStudyApplication.logStarting 55 - Starting ZhangkuiSpringStudyApplication using Java 1.8.0_202 on zhangkuideMacBook-Pro.local with PID 44387 (/Users/zhangkui/学习/自己总结/firebird/zhangkui-spring-study/build/classes/java/main started by zhangkui in /Users/zhangkui/学习/自己总结/firebird/zhangkui-spring-study) 
2022-05-02 19:01:28.126 [main] INFO  c.f.z.ZhangkuiSpringStudyApplication.logStartupProfileInfo 640 - No active profile set, falling back to 1 default profile: "default" 
2022-05-02 19:01:28.753 [main] INFO  o.s.b.w.e.tomcat.TomcatWebServer.initialize 108 - Tomcat initialized with port(s): 8080 (http) 
2022-05-02 19:01:28.759 [main] INFO  o.a.coyote.http11.Http11NioProtocol.log 173 - Initializing ProtocolHandler ["http-nio-8080"] 
2022-05-02 19:01:28.760 [main] INFO  o.a.catalina.core.StandardService.log 173 - Starting service [Tomcat] 
2022-05-02 19:01:28.760 [main] INFO  o.a.catalina.core.StandardEngine.log 173 - Starting Servlet engine: [Apache Tomcat/9.0.62] 
2022-05-02 19:01:28.853 [main] INFO  o.a.c.c.C.[Tomcat].[localhost].[/].log 173 - Initializing Spring embedded WebApplicationContext 
2022-05-02 19:01:28.853 [main] INFO  o.s.b.w.s.c.ServletWebServerApplicationContext.prepareWebApplicationContext 290 - Root WebApplicationContext: initialization completed in 695 ms 
2022-05-02 19:01:29.112 [main] INFO  o.a.coyote.http11.Http11NioProtocol.log 173 - Starting ProtocolHandler ["http-nio-8080"] 
2022-05-02 19:01:29.132 [main] INFO  o.s.b.w.e.tomcat.TomcatWebServer.start 220 - Tomcat started on port(s): 8080 (http) with context path '' 
2022-05-02 19:01:29.140 [main] INFO  c.f.z.ZhangkuiSpringStudyApplication.logStarted 61 - Started ZhangkuiSpringStudyApplication in 1.441 seconds (JVM running for 2.259) 
2022-05-02 19:01:30.079 [http-nio-8080-exec-1] INFO  o.a.c.c.C.[Tomcat].[localhost].[/].log 173 - Initializing Spring DispatcherServlet 'dispatcherServlet' 
2022-05-02 19:01:30.079 [http-nio-8080-exec-1] INFO  o.s.web.servlet.DispatcherServlet.initServletBean 525 - Initializing Servlet 'dispatcherServlet' 
2022-05-02 19:01:30.080 [http-nio-8080-exec-1] INFO  o.s.web.servlet.DispatcherServlet.initServletBean 547 - Completed initialization in 0 ms 
2022-05-02 19:01:30.085 [http-nio-8080-exec-1] INFO  c.f.z.service.NameFilterService.doFilter 19 - start do filter 
2022-05-02 19:01:30.118 [http-nio-8080-exec-1] INFO  c.f.z.service.NameFilterService.doFilter 23 - 访问的路由是：java.util.Collections$3@32cdb280 
2022-05-02 20:02:18.754 [main] INFO  c.f.z.ZhangkuiSpringStudyApplication.logStarting 55 - Starting ZhangkuiSpringStudyApplication using Java 1.8.0_202 on zhangkuideMacBook-Pro.local with PID 44594 (/Users/zhangkui/学习/自己总结/firebird/zhangkui-spring-study/build/classes/java/main started by zhangkui in /Users/zhangkui/学习/自己总结/firebird/zhangkui-spring-study) 
2022-05-02 20:02:18.757 [main] INFO  c.f.z.ZhangkuiSpringStudyApplication.logStartupProfileInfo 640 - No active profile set, falling back to 1 default profile: "default" 
2022-05-02 20:02:19.494 [main] INFO  o.s.b.w.e.tomcat.TomcatWebServer.initialize 108 - Tomcat initialized with port(s): 8080 (http) 
2022-05-02 20:02:19.503 [main] INFO  o.a.coyote.http11.Http11NioProtocol.log 173 - Initializing ProtocolHandler ["http-nio-8080"] 
2022-05-02 20:02:19.504 [main] INFO  o.a.catalina.core.StandardService.log 173 - Starting service [Tomcat] 
2022-05-02 20:02:19.504 [main] INFO  o.a.catalina.core.StandardEngine.log 173 - Starting Servlet engine: [Apache Tomcat/9.0.62] 
2022-05-02 20:02:19.601 [main] INFO  o.a.c.c.C.[Tomcat].[localhost].[/].log 173 - Initializing Spring embedded WebApplicationContext 
2022-05-02 20:02:19.602 [main] INFO  o.s.b.w.s.c.ServletWebServerApplicationContext.prepareWebApplicationContext 290 - Root WebApplicationContext: initialization completed in 813 ms 
2022-05-02 20:02:19.838 [main] INFO  o.a.coyote.http11.Http11NioProtocol.log 173 - Starting ProtocolHandler ["http-nio-8080"] 
2022-05-02 20:02:19.857 [main] INFO  o.s.b.w.e.tomcat.TomcatWebServer.start 220 - Tomcat started on port(s): 8080 (http) with context path '' 
2022-05-02 20:02:19.864 [main] INFO  c.f.z.ZhangkuiSpringStudyApplication.logStarted 61 - Started ZhangkuiSpringStudyApplication in 1.467 seconds (JVM running for 2.367) 
2022-05-02 20:11:14.491 [http-nio-8080-exec-1] INFO  o.a.c.c.C.[Tomcat].[localhost].[/].log 173 - Initializing Spring DispatcherServlet 'dispatcherServlet' 
2022-05-02 20:11:14.492 [http-nio-8080-exec-1] INFO  o.s.web.servlet.DispatcherServlet.initServletBean 525 - Initializing Servlet 'dispatcherServlet' 
2022-05-02 20:11:14.495 [http-nio-8080-exec-1] INFO  o.s.web.servlet.DispatcherServlet.initServletBean 547 - Completed initialization in 2 ms 
2022-05-02 20:11:14.502 [http-nio-8080-exec-1] INFO  c.f.z.service.NameFilterService.doFilter 19 - start do filter 
2022-05-02 20:11:14.556 [http-nio-8080-exec-1] INFO  c.f.z.service.NameFilterService.doFilter 23 - 访问的路由是：localhost 
2022-05-02 20:11:54.040 [main] INFO  c.f.z.ZhangkuiSpringStudyApplication.logStarting 55 - Starting ZhangkuiSpringStudyApplication using Java 1.8.0_202 on zhangkuideMacBook-Pro.local with PID 44669 (/Users/zhangkui/学习/自己总结/firebird/zhangkui-spring-study/build/classes/java/main started by zhangkui in /Users/zhangkui/学习/自己总结/firebird/zhangkui-spring-study) 
2022-05-02 20:11:54.043 [main] INFO  c.f.z.ZhangkuiSpringStudyApplication.logStartupProfileInfo 640 - No active profile set, falling back to 1 default profile: "default" 
2022-05-02 20:11:54.697 [main] INFO  o.s.b.w.e.tomcat.TomcatWebServer.initialize 108 - Tomcat initialized with port(s): 8080 (http) 
2022-05-02 20:11:54.703 [main] INFO  o.a.coyote.http11.Http11NioProtocol.log 173 - Initializing ProtocolHandler ["http-nio-8080"] 
2022-05-02 20:11:54.704 [main] INFO  o.a.catalina.core.StandardService.log 173 - Starting service [Tomcat] 
2022-05-02 20:11:54.704 [main] INFO  o.a.catalina.core.StandardEngine.log 173 - Starting Servlet engine: [Apache Tomcat/9.0.62] 
2022-05-02 20:11:54.791 [main] INFO  o.a.c.c.C.[Tomcat].[localhost].[/].log 173 - Initializing Spring embedded WebApplicationContext 
2022-05-02 20:11:54.791 [main] INFO  o.s.b.w.s.c.ServletWebServerApplicationContext.prepareWebApplicationContext 290 - Root WebApplicationContext: initialization completed in 716 ms 
2022-05-02 20:11:55.032 [main] INFO  o.a.coyote.http11.Http11NioProtocol.log 173 - Starting ProtocolHandler ["http-nio-8080"] 
2022-05-02 20:11:55.052 [main] INFO  o.s.b.w.e.tomcat.TomcatWebServer.start 220 - Tomcat started on port(s): 8080 (http) with context path '' 
2022-05-02 20:11:55.060 [main] INFO  c.f.z.ZhangkuiSpringStudyApplication.logStarted 61 - Started ZhangkuiSpringStudyApplication in 1.331 seconds (JVM running for 1.976) 
2022-05-02 20:12:00.394 [http-nio-8080-exec-1] INFO  o.a.c.c.C.[Tomcat].[localhost].[/].log 173 - Initializing Spring DispatcherServlet 'dispatcherServlet' 
2022-05-02 20:12:00.394 [http-nio-8080-exec-1] INFO  o.s.web.servlet.DispatcherServlet.initServletBean 525 - Initializing Servlet 'dispatcherServlet' 
2022-05-02 20:12:00.395 [http-nio-8080-exec-1] INFO  o.s.web.servlet.DispatcherServlet.initServletBean 547 - Completed initialization in 1 ms 
2022-05-02 20:12:00.400 [http-nio-8080-exec-1] INFO  c.f.z.service.NameFilterService.doFilter 19 - start do filter 
2022-05-02 20:12:00.433 [http-nio-8080-exec-1] INFO  c.f.z.service.NameFilterService.doFilter 23 - 访问的路由是：localhost 
2022-05-02 20:12:49.701 [main] INFO  c.f.z.ZhangkuiSpringStudyApplication.logStarting 55 - Starting ZhangkuiSpringStudyApplication using Java 1.8.0_202 on zhangkuideMacBook-Pro.local with PID 44682 (/Users/zhangkui/学习/自己总结/firebird/zhangkui-spring-study/build/classes/java/main started by zhangkui in /Users/zhangkui/学习/自己总结/firebird/zhangkui-spring-study) 
2022-05-02 20:12:49.704 [main] INFO  c.f.z.ZhangkuiSpringStudyApplication.logStartupProfileInfo 640 - No active profile set, falling back to 1 default profile: "default" 
2022-05-02 20:12:50.541 [main] INFO  o.s.b.w.e.tomcat.TomcatWebServer.initialize 108 - Tomcat initialized with port(s): 8080 (http) 
2022-05-02 20:12:50.552 [main] INFO  o.a.coyote.http11.Http11NioProtocol.log 173 - Initializing ProtocolHandler ["http-nio-8080"] 
2022-05-02 20:12:50.552 [main] INFO  o.a.catalina.core.StandardService.log 173 - Starting service [Tomcat] 
2022-05-02 20:12:50.553 [main] INFO  o.a.catalina.core.StandardEngine.log 173 - Starting Servlet engine: [Apache Tomcat/9.0.62] 
2022-05-02 20:12:50.660 [main] INFO  o.a.c.c.C.[Tomcat].[localhost].[/].log 173 - Initializing Spring embedded WebApplicationContext 
2022-05-02 20:12:50.661 [main] INFO  o.s.b.w.s.c.ServletWebServerApplicationContext.prepareWebApplicationContext 290 - Root WebApplicationContext: initialization completed in 913 ms 
2022-05-02 20:12:51.033 [main] INFO  o.a.coyote.http11.Http11NioProtocol.log 173 - Starting ProtocolHandler ["http-nio-8080"] 
2022-05-02 20:12:51.071 [main] INFO  o.s.b.w.e.tomcat.TomcatWebServer.start 220 - Tomcat started on port(s): 8080 (http) with context path '' 
2022-05-02 20:12:51.085 [main] INFO  c.f.z.ZhangkuiSpringStudyApplication.logStarted 61 - Started ZhangkuiSpringStudyApplication in 1.723 seconds (JVM running for 3.191) 
2022-05-02 20:12:52.394 [http-nio-8080-exec-1] INFO  o.a.c.c.C.[Tomcat].[localhost].[/].log 173 - Initializing Spring DispatcherServlet 'dispatcherServlet' 
2022-05-02 20:12:52.394 [http-nio-8080-exec-1] INFO  o.s.web.servlet.DispatcherServlet.initServletBean 525 - Initializing Servlet 'dispatcherServlet' 
2022-05-02 20:12:52.395 [http-nio-8080-exec-1] INFO  o.s.web.servlet.DispatcherServlet.initServletBean 547 - Completed initialization in 1 ms 
2022-05-02 20:12:52.401 [http-nio-8080-exec-1] INFO  c.f.z.service.NameFilterService.doFilter 19 - start do filter 
2022-05-02 20:12:52.444 [http-nio-8080-exec-1] INFO  c.f.z.service.NameFilterService.doFilter 23 - 访问的路由是：localhost 
2022-05-02 20:13:09.376 [main] INFO  c.f.z.ZhangkuiSpringStudyApplication.logStarting 55 - Starting ZhangkuiSpringStudyApplication using Java 1.8.0_202 on zhangkuideMacBook-Pro.local with PID 44694 (/Users/zhangkui/学习/自己总结/firebird/zhangkui-spring-study/build/classes/java/main started by zhangkui in /Users/zhangkui/学习/自己总结/firebird/zhangkui-spring-study) 
2022-05-02 20:13:09.378 [main] INFO  c.f.z.ZhangkuiSpringStudyApplication.logStartupProfileInfo 640 - No active profile set, falling back to 1 default profile: "default" 
2022-05-02 20:13:09.971 [main] INFO  o.s.b.w.e.tomcat.TomcatWebServer.initialize 108 - Tomcat initialized with port(s): 8080 (http) 
2022-05-02 20:13:09.978 [main] INFO  o.a.coyote.http11.Http11NioProtocol.log 173 - Initializing ProtocolHandler ["http-nio-8080"] 
2022-05-02 20:13:09.978 [main] INFO  o.a.catalina.core.StandardService.log 173 - Starting service [Tomcat] 
2022-05-02 20:13:09.979 [main] INFO  o.a.catalina.core.StandardEngine.log 173 - Starting Servlet engine: [Apache Tomcat/9.0.62] 
2022-05-02 20:13:10.068 [main] INFO  o.a.c.c.C.[Tomcat].[localhost].[/].log 173 - Initializing Spring embedded WebApplicationContext 
2022-05-02 20:13:10.068 [main] INFO  o.s.b.w.s.c.ServletWebServerApplicationContext.prepareWebApplicationContext 290 - Root WebApplicationContext: initialization completed in 660 ms 
2022-05-02 20:13:10.295 [main] INFO  o.a.coyote.http11.Http11NioProtocol.log 173 - Starting ProtocolHandler ["http-nio-8080"] 
2022-05-02 20:13:10.314 [main] INFO  o.s.b.w.e.tomcat.TomcatWebServer.start 220 - Tomcat started on port(s): 8080 (http) with context path '' 
2022-05-02 20:13:10.321 [main] INFO  c.f.z.ZhangkuiSpringStudyApplication.logStarted 61 - Started ZhangkuiSpringStudyApplication in 1.234 seconds (JVM running for 1.89) 
2022-05-02 20:13:14.115 [http-nio-8080-exec-1] INFO  o.a.c.c.C.[Tomcat].[localhost].[/].log 173 - Initializing Spring DispatcherServlet 'dispatcherServlet' 
2022-05-02 20:13:14.115 [http-nio-8080-exec-1] INFO  o.s.web.servlet.DispatcherServlet.initServletBean 525 - Initializing Servlet 'dispatcherServlet' 
2022-05-02 20:13:14.116 [http-nio-8080-exec-1] INFO  o.s.web.servlet.DispatcherServlet.initServletBean 547 - Completed initialization in 0 ms 
2022-05-02 20:13:14.121 [http-nio-8080-exec-1] INFO  c.f.z.service.NameFilterService.doFilter 19 - start do filter 
2022-05-02 20:13:14.154 [http-nio-8080-exec-1] INFO  c.f.z.service.NameFilterService.doFilter 23 - 访问的路由是：localhost 
2022-05-02 20:20:29.477 [main] INFO  c.f.z.ZhangkuiSpringStudyApplication.logStarting 55 - Starting ZhangkuiSpringStudyApplication using Java 1.8.0_202 on zhangkuideMacBook-Pro.local with PID 44747 (/Users/zhangkui/学习/自己总结/firebird/zhangkui-spring-study/build/classes/java/main started by zhangkui in /Users/zhangkui/学习/自己总结/firebird/zhangkui-spring-study) 
2022-05-02 20:20:29.479 [main] INFO  c.f.z.ZhangkuiSpringStudyApplication.logStartupProfileInfo 640 - No active profile set, falling back to 1 default profile: "default" 
2022-05-02 20:20:30.083 [main] INFO  o.s.b.w.e.tomcat.TomcatWebServer.initialize 108 - Tomcat initialized with port(s): 8080 (http) 
2022-05-02 20:20:30.090 [main] INFO  o.a.coyote.http11.Http11NioProtocol.log 173 - Initializing ProtocolHandler ["http-nio-8080"] 
2022-05-02 20:20:30.091 [main] INFO  o.a.catalina.core.StandardService.log 173 - Starting service [Tomcat] 
2022-05-02 20:20:30.091 [main] INFO  o.a.catalina.core.StandardEngine.log 173 - Starting Servlet engine: [Apache Tomcat/9.0.62] 
2022-05-02 20:20:30.176 [main] INFO  o.a.c.c.C.[Tomcat].[localhost].[/].log 173 - Initializing Spring embedded WebApplicationContext 
2022-05-02 20:20:30.176 [main] INFO  o.s.b.w.s.c.ServletWebServerApplicationContext.prepareWebApplicationContext 290 - Root WebApplicationContext: initialization completed in 665 ms 
2022-05-02 20:20:30.400 [main] INFO  o.a.coyote.http11.Http11NioProtocol.log 173 - Starting ProtocolHandler ["http-nio-8080"] 
2022-05-02 20:20:30.419 [main] INFO  o.s.b.w.e.tomcat.TomcatWebServer.start 220 - Tomcat started on port(s): 8080 (http) with context path '' 
2022-05-02 20:20:30.426 [main] INFO  c.f.z.ZhangkuiSpringStudyApplication.logStarted 61 - Started ZhangkuiSpringStudyApplication in 1.23 seconds (JVM running for 1.982) 
2022-05-02 20:20:42.732 [http-nio-8080-exec-1] INFO  o.a.c.c.C.[Tomcat].[localhost].[/].log 173 - Initializing Spring DispatcherServlet 'dispatcherServlet' 
2022-05-02 20:20:42.733 [http-nio-8080-exec-1] INFO  o.s.web.servlet.DispatcherServlet.initServletBean 525 - Initializing Servlet 'dispatcherServlet' 
2022-05-02 20:20:42.734 [http-nio-8080-exec-1] INFO  o.s.web.servlet.DispatcherServlet.initServletBean 547 - Completed initialization in 1 ms 
2022-05-02 20:20:42.741 [http-nio-8080-exec-1] INFO  c.f.z.service.NameFilterService.doFilter 19 - start do filter 
2022-05-02 20:20:42.744 [http-nio-8080-exec-1] INFO  c.f.z.service.NameFilterService.doFilter 23 - 访问的路由是：localhost 
2022-05-02 20:22:01.293 [main] INFO  c.f.z.ZhangkuiSpringStudyApplication.logStarting 55 - Starting ZhangkuiSpringStudyApplication using Java 1.8.0_202 on zhangkuideMacBook-Pro.local with PID 44775 (/Users/zhangkui/学习/自己总结/firebird/zhangkui-spring-study/build/classes/java/main started by zhangkui in /Users/zhangkui/学习/自己总结/firebird/zhangkui-spring-study) 
2022-05-02 20:22:01.295 [main] INFO  c.f.z.ZhangkuiSpringStudyApplication.logStartupProfileInfo 640 - No active profile set, falling back to 1 default profile: "default" 
2022-05-02 20:22:01.931 [main] INFO  o.s.b.w.e.tomcat.TomcatWebServer.initialize 108 - Tomcat initialized with port(s): 8080 (http) 
2022-05-02 20:22:01.937 [main] INFO  o.a.coyote.http11.Http11NioProtocol.log 173 - Initializing ProtocolHandler ["http-nio-8080"] 
2022-05-02 20:22:01.938 [main] INFO  o.a.catalina.core.StandardService.log 173 - Starting service [Tomcat] 
2022-05-02 20:22:01.939 [main] INFO  o.a.catalina.core.StandardEngine.log 173 - Starting Servlet engine: [Apache Tomcat/9.0.62] 
2022-05-02 20:22:02.023 [main] INFO  o.a.c.c.C.[Tomcat].[localhost].[/].log 173 - Initializing Spring embedded WebApplicationContext 
2022-05-02 20:22:02.023 [main] INFO  o.s.b.w.s.c.ServletWebServerApplicationContext.prepareWebApplicationContext 290 - Root WebApplicationContext: initialization completed in 697 ms 
2022-05-02 20:22:02.254 [main] INFO  o.a.coyote.http11.Http11NioProtocol.log 173 - Starting ProtocolHandler ["http-nio-8080"] 
2022-05-02 20:22:02.273 [main] INFO  o.s.b.w.e.tomcat.TomcatWebServer.start 220 - Tomcat started on port(s): 8080 (http) with context path '' 
2022-05-02 20:22:02.280 [main] INFO  c.f.z.ZhangkuiSpringStudyApplication.logStarted 61 - Started ZhangkuiSpringStudyApplication in 1.307 seconds (JVM running for 1.943) 
2022-05-02 20:22:45.066 [http-nio-8080-exec-1] INFO  o.a.c.c.C.[Tomcat].[localhost].[/].log 173 - Initializing Spring DispatcherServlet 'dispatcherServlet' 
2022-05-02 20:22:45.066 [http-nio-8080-exec-1] INFO  o.s.web.servlet.DispatcherServlet.initServletBean 525 - Initializing Servlet 'dispatcherServlet' 
2022-05-02 20:22:45.067 [http-nio-8080-exec-1] INFO  o.s.web.servlet.DispatcherServlet.initServletBean 547 - Completed initialization in 1 ms 
2022-05-02 20:22:45.072 [http-nio-8080-exec-1] INFO  c.f.z.service.NameFilterService.doFilter 19 - start do filter 
2022-05-02 20:22:45.077 [http-nio-8080-exec-1] INFO  c.f.z.service.AgeFilter.doFilter 17 - age filter do  
2022-05-02 20:22:45.077 [http-nio-8080-exec-1] INFO  c.f.z.service.NameFilterService.doFilter 23 - 访问的路由是：localhost 
2022-05-02 20:22:50.517 [http-nio-8080-exec-2] INFO  c.f.z.service.NameFilterService.doFilter 19 - start do filter 
2022-05-02 20:22:50.517 [http-nio-8080-exec-2] INFO  c.f.z.service.AgeFilter.doFilter 17 - age filter do  
2022-05-02 20:22:50.517 [http-nio-8080-exec-2] INFO  c.f.z.service.NameFilterService.doFilter 23 - 访问的路由是：localhost 
2022-05-02 20:23:00.848 [main] INFO  c.f.z.ZhangkuiSpringStudyApplication.logStarting 55 - Starting ZhangkuiSpringStudyApplication using Java 1.8.0_202 on zhangkuideMacBook-Pro.local with PID 44788 (/Users/zhangkui/学习/自己总结/firebird/zhangkui-spring-study/build/classes/java/main started by zhangkui in /Users/zhangkui/学习/自己总结/firebird/zhangkui-spring-study) 
2022-05-02 20:23:00.851 [main] INFO  c.f.z.ZhangkuiSpringStudyApplication.logStartupProfileInfo 640 - No active profile set, falling back to 1 default profile: "default" 
2022-05-02 20:23:01.469 [main] INFO  o.s.b.w.e.tomcat.TomcatWebServer.initialize 108 - Tomcat initialized with port(s): 8080 (http) 
2022-05-02 20:23:01.476 [main] INFO  o.a.coyote.http11.Http11NioProtocol.log 173 - Initializing ProtocolHandler ["http-nio-8080"] 
2022-05-02 20:23:01.477 [main] INFO  o.a.catalina.core.StandardService.log 173 - Starting service [Tomcat] 
2022-05-02 20:23:01.477 [main] INFO  o.a.catalina.core.StandardEngine.log 173 - Starting Servlet engine: [Apache Tomcat/9.0.62] 
2022-05-02 20:23:01.574 [main] INFO  o.a.c.c.C.[Tomcat].[localhost].[/].log 173 - Initializing Spring embedded WebApplicationContext 
2022-05-02 20:23:01.574 [main] INFO  o.s.b.w.s.c.ServletWebServerApplicationContext.prepareWebApplicationContext 290 - Root WebApplicationContext: initialization completed in 692 ms 
2022-05-02 20:23:01.810 [main] INFO  o.a.coyote.http11.Http11NioProtocol.log 173 - Starting ProtocolHandler ["http-nio-8080"] 
2022-05-02 20:23:01.829 [main] INFO  o.s.b.w.e.tomcat.TomcatWebServer.start 220 - Tomcat started on port(s): 8080 (http) with context path '' 
2022-05-02 20:23:01.836 [main] INFO  c.f.z.ZhangkuiSpringStudyApplication.logStarted 61 - Started ZhangkuiSpringStudyApplication in 1.278 seconds (JVM running for 1.988) 
2022-05-02 20:23:03.794 [http-nio-8080-exec-1] INFO  o.a.c.c.C.[Tomcat].[localhost].[/].log 173 - Initializing Spring DispatcherServlet 'dispatcherServlet' 
2022-05-02 20:23:03.794 [http-nio-8080-exec-1] INFO  o.s.web.servlet.DispatcherServlet.initServletBean 525 - Initializing Servlet 'dispatcherServlet' 
2022-05-02 20:23:03.795 [http-nio-8080-exec-1] INFO  o.s.web.servlet.DispatcherServlet.initServletBean 547 - Completed initialization in 1 ms 
2022-05-02 20:23:03.800 [http-nio-8080-exec-1] INFO  c.f.z.service.NameFilterService.doFilter 19 - start do filter 
2022-05-02 20:23:03.803 [http-nio-8080-exec-1] INFO  c.f.z.service.AgeFilter.doFilter 17 - age filter do  
2022-05-02 20:23:03.804 [http-nio-8080-exec-1] INFO  c.f.z.service.NameFilterService.doFilter 23 - 访问的路由是：localhost 
2022-05-02 20:23:18.148 [http-nio-8080-exec-2] INFO  c.f.z.service.NameFilterService.doFilter 19 - start do filter 
2022-05-02 20:23:18.148 [http-nio-8080-exec-2] INFO  c.f.z.service.AgeFilter.doFilter 17 - age filter do  
2022-05-02 20:23:18.148 [http-nio-8080-exec-2] INFO  c.f.z.service.NameFilterService.doFilter 23 - 访问的路由是：localhost 
2022-05-02 20:23:55.618 [main] INFO  c.f.z.ZhangkuiSpringStudyApplication.logStarting 55 - Starting ZhangkuiSpringStudyApplication using Java 1.8.0_202 on zhangkuideMacBook-Pro.local with PID 44802 (/Users/zhangkui/学习/自己总结/firebird/zhangkui-spring-study/build/classes/java/main started by zhangkui in /Users/zhangkui/学习/自己总结/firebird/zhangkui-spring-study) 
2022-05-02 20:23:55.621 [main] INFO  c.f.z.ZhangkuiSpringStudyApplication.logStartupProfileInfo 640 - No active profile set, falling back to 1 default profile: "default" 
2022-05-02 20:23:56.237 [main] INFO  o.s.b.w.e.tomcat.TomcatWebServer.initialize 108 - Tomcat initialized with port(s): 8080 (http) 
2022-05-02 20:23:56.243 [main] INFO  o.a.coyote.http11.Http11NioProtocol.log 173 - Initializing ProtocolHandler ["http-nio-8080"] 
2022-05-02 20:23:56.244 [main] INFO  o.a.catalina.core.StandardService.log 173 - Starting service [Tomcat] 
2022-05-02 20:23:56.244 [main] INFO  o.a.catalina.core.StandardEngine.log 173 - Starting Servlet engine: [Apache Tomcat/9.0.62] 
2022-05-02 20:23:56.330 [main] INFO  o.a.c.c.C.[Tomcat].[localhost].[/].log 173 - Initializing Spring embedded WebApplicationContext 
2022-05-02 20:23:56.330 [main] INFO  o.s.b.w.s.c.ServletWebServerApplicationContext.prepareWebApplicationContext 290 - Root WebApplicationContext: initialization completed in 680 ms 
2022-05-02 20:23:56.564 [main] INFO  o.a.coyote.http11.Http11NioProtocol.log 173 - Starting ProtocolHandler ["http-nio-8080"] 
2022-05-02 20:23:56.583 [main] INFO  o.s.b.w.e.tomcat.TomcatWebServer.start 220 - Tomcat started on port(s): 8080 (http) with context path '' 
2022-05-02 20:23:56.591 [main] INFO  c.f.z.ZhangkuiSpringStudyApplication.logStarted 61 - Started ZhangkuiSpringStudyApplication in 1.23 seconds (JVM running for 1.738) 
2022-05-02 20:23:59.183 [http-nio-8080-exec-1] INFO  o.a.c.c.C.[Tomcat].[localhost].[/].log 173 - Initializing Spring DispatcherServlet 'dispatcherServlet' 
2022-05-02 20:23:59.184 [http-nio-8080-exec-1] INFO  o.s.web.servlet.DispatcherServlet.initServletBean 525 - Initializing Servlet 'dispatcherServlet' 
2022-05-02 20:23:59.185 [http-nio-8080-exec-1] INFO  o.s.web.servlet.DispatcherServlet.initServletBean 547 - Completed initialization in 1 ms 
2022-05-02 20:23:59.189 [http-nio-8080-exec-1] INFO  c.f.z.service.AgeFilter.doFilter 17 - age filter do  
2022-05-02 20:24:12.736 [http-nio-8080-exec-2] INFO  c.f.z.service.NameFilterService.doFilter 19 - start do filter 
2022-05-02 20:24:12.740 [http-nio-8080-exec-2] INFO  c.f.z.service.AgeFilter.doFilter 17 - age filter do  
2022-05-02 20:24:12.740 [http-nio-8080-exec-2] INFO  c.f.z.service.NameFilterService.doFilter 23 - 访问的路由是：localhost 
2022-05-02 20:24:18.134 [http-nio-8080-exec-3] INFO  c.f.z.service.AgeFilter.doFilter 17 - age filter do  
2022-05-02 20:24:39.205 [main] INFO  c.f.z.ZhangkuiSpringStudyApplication.logStarting 55 - Starting ZhangkuiSpringStudyApplication using Java 1.8.0_202 on zhangkuideMacBook-Pro.local with PID 44814 (/Users/zhangkui/学习/自己总结/firebird/zhangkui-spring-study/build/classes/java/main started by zhangkui in /Users/zhangkui/学习/自己总结/firebird/zhangkui-spring-study) 
2022-05-02 20:24:39.207 [main] INFO  c.f.z.ZhangkuiSpringStudyApplication.logStartupProfileInfo 640 - No active profile set, falling back to 1 default profile: "default" 
2022-05-02 20:24:39.861 [main] INFO  o.s.b.w.e.tomcat.TomcatWebServer.initialize 108 - Tomcat initialized with port(s): 8080 (http) 
2022-05-02 20:24:39.868 [main] INFO  o.a.coyote.http11.Http11NioProtocol.log 173 - Initializing ProtocolHandler ["http-nio-8080"] 
2022-05-02 20:24:39.869 [main] INFO  o.a.catalina.core.StandardService.log 173 - Starting service [Tomcat] 
2022-05-02 20:24:39.869 [main] INFO  o.a.catalina.core.StandardEngine.log 173 - Starting Servlet engine: [Apache Tomcat/9.0.62] 
2022-05-02 20:24:39.954 [main] INFO  o.a.c.c.C.[Tomcat].[localhost].[/].log 173 - Initializing Spring embedded WebApplicationContext 
2022-05-02 20:24:39.954 [main] INFO  o.s.b.w.s.c.ServletWebServerApplicationContext.prepareWebApplicationContext 290 - Root WebApplicationContext: initialization completed in 711 ms 
2022-05-02 20:24:40.182 [main] INFO  o.a.coyote.http11.Http11NioProtocol.log 173 - Starting ProtocolHandler ["http-nio-8080"] 
2022-05-02 20:24:40.201 [main] INFO  o.s.b.w.e.tomcat.TomcatWebServer.start 220 - Tomcat started on port(s): 8080 (http) with context path '' 
2022-05-02 20:24:40.208 [main] INFO  c.f.z.ZhangkuiSpringStudyApplication.logStarted 61 - Started ZhangkuiSpringStudyApplication in 1.273 seconds (JVM running for 1.972) 
2022-05-02 20:24:43.892 [http-nio-8080-exec-1] INFO  o.a.c.c.C.[Tomcat].[localhost].[/].log 173 - Initializing Spring DispatcherServlet 'dispatcherServlet' 
2022-05-02 20:24:43.893 [http-nio-8080-exec-1] INFO  o.s.web.servlet.DispatcherServlet.initServletBean 525 - Initializing Servlet 'dispatcherServlet' 
2022-05-02 20:24:43.894 [http-nio-8080-exec-1] INFO  o.s.web.servlet.DispatcherServlet.initServletBean 547 - Completed initialization in 1 ms 
2022-05-02 20:24:43.899 [http-nio-8080-exec-1] INFO  c.f.z.service.AgeFilter.doFilter 17 - age filter do  
2022-05-02 20:24:55.303 [http-nio-8080-exec-2] INFO  c.f.z.service.AgeFilter.doFilter 17 - age filter do  
2022-05-02 20:24:57.352 [http-nio-8080-exec-3] INFO  c.f.z.service.AgeFilter.doFilter 17 - age filter do  
2022-05-02 20:25:03.235 [http-nio-8080-exec-4] INFO  c.f.z.service.NameFilterService.doFilter 19 - start do filter 
2022-05-02 20:25:03.239 [http-nio-8080-exec-4] INFO  c.f.z.service.AgeFilter.doFilter 17 - age filter do  
2022-05-02 20:25:03.239 [http-nio-8080-exec-4] INFO  c.f.z.service.NameFilterService.doFilter 23 - 访问的路由是：localhost 
2022-05-02 20:25:58.498 [main] INFO  c.f.z.ZhangkuiSpringStudyApplication.logStarting 55 - Starting ZhangkuiSpringStudyApplication using Java 1.8.0_202 on zhangkuideMacBook-Pro.local with PID 44833 (/Users/zhangkui/学习/自己总结/firebird/zhangkui-spring-study/build/classes/java/main started by zhangkui in /Users/zhangkui/学习/自己总结/firebird/zhangkui-spring-study) 
2022-05-02 20:25:58.500 [main] INFO  c.f.z.ZhangkuiSpringStudyApplication.logStartupProfileInfo 640 - No active profile set, falling back to 1 default profile: "default" 
2022-05-02 20:25:59.182 [main] INFO  o.s.b.w.e.tomcat.TomcatWebServer.initialize 108 - Tomcat initialized with port(s): 8080 (http) 
2022-05-02 20:25:59.189 [main] INFO  o.a.coyote.http11.Http11NioProtocol.log 173 - Initializing ProtocolHandler ["http-nio-8080"] 
2022-05-02 20:25:59.190 [main] INFO  o.a.catalina.core.StandardService.log 173 - Starting service [Tomcat] 
2022-05-02 20:25:59.190 [main] INFO  o.a.catalina.core.StandardEngine.log 173 - Starting Servlet engine: [Apache Tomcat/9.0.62] 
2022-05-02 20:25:59.286 [main] INFO  o.a.c.c.C.[Tomcat].[localhost].[/].log 173 - Initializing Spring embedded WebApplicationContext 
2022-05-02 20:25:59.287 [main] INFO  o.s.b.w.s.c.ServletWebServerApplicationContext.prepareWebApplicationContext 290 - Root WebApplicationContext: initialization completed in 754 ms 
2022-05-02 20:25:59.549 [main] INFO  o.a.coyote.http11.Http11NioProtocol.log 173 - Starting ProtocolHandler ["http-nio-8080"] 
2022-05-02 20:25:59.572 [main] INFO  o.s.b.w.e.tomcat.TomcatWebServer.start 220 - Tomcat started on port(s): 8080 (http) with context path '' 
2022-05-02 20:25:59.582 [main] INFO  c.f.z.ZhangkuiSpringStudyApplication.logStarted 61 - Started ZhangkuiSpringStudyApplication in 1.363 seconds (JVM running for 1.919) 
2022-05-02 20:26:04.218 [http-nio-8080-exec-1] INFO  o.a.c.c.C.[Tomcat].[localhost].[/].log 173 - Initializing Spring DispatcherServlet 'dispatcherServlet' 
2022-05-02 20:26:04.218 [http-nio-8080-exec-1] INFO  o.s.web.servlet.DispatcherServlet.initServletBean 525 - Initializing Servlet 'dispatcherServlet' 
2022-05-02 20:26:04.219 [http-nio-8080-exec-1] INFO  o.s.web.servlet.DispatcherServlet.initServletBean 547 - Completed initialization in 1 ms 
2022-05-02 20:26:04.224 [http-nio-8080-exec-1] INFO  c.f.z.service.NameFilterService.doFilter 19 - name filter do 
2022-05-02 20:26:04.224 [http-nio-8080-exec-1] INFO  c.f.z.service.AgeFilter.doFilter 17 - age filter do  
2022-05-02 20:26:36.706 [http-nio-8080-exec-2] INFO  c.f.z.service.NameFilterService.doFilter 19 - name filter do 
2022-05-02 20:26:36.707 [http-nio-8080-exec-2] INFO  c.f.z.service.AgeFilter.doFilter 17 - age filter do  
2022-05-02 20:26:40.442 [http-nio-8080-exec-3] INFO  c.f.z.service.NameFilterService.doFilter 19 - name filter do 
2022-05-02 20:26:40.442 [http-nio-8080-exec-3] INFO  c.f.z.service.AgeFilter.doFilter 17 - age filter do  
2022-05-02 20:26:43.896 [http-nio-8080-exec-4] INFO  c.f.z.service.NameFilterService.doFilter 19 - name filter do 
2022-05-02 20:26:43.897 [http-nio-8080-exec-4] INFO  c.f.z.service.AgeFilter.doFilter 17 - age filter do  
2022-05-02 20:28:16.921 [main] INFO  c.f.z.ZhangkuiSpringStudyApplication.logStarting 55 - Starting ZhangkuiSpringStudyApplication using Java 1.8.0_202 on zhangkuideMacBook-Pro.local with PID 44863 (/Users/zhangkui/学习/自己总结/firebird/zhangkui-spring-study/build/classes/java/main started by zhangkui in /Users/zhangkui/学习/自己总结/firebird/zhangkui-spring-study) 
2022-05-02 20:28:16.923 [main] INFO  c.f.z.ZhangkuiSpringStudyApplication.logStartupProfileInfo 640 - No active profile set, falling back to 1 default profile: "default" 
2022-05-02 20:28:17.551 [main] INFO  o.s.b.w.e.tomcat.TomcatWebServer.initialize 108 - Tomcat initialized with port(s): 8080 (http) 
2022-05-02 20:28:17.558 [main] INFO  o.a.coyote.http11.Http11NioProtocol.log 173 - Initializing ProtocolHandler ["http-nio-8080"] 
2022-05-02 20:28:17.558 [main] INFO  o.a.catalina.core.StandardService.log 173 - Starting service [Tomcat] 
2022-05-02 20:28:17.559 [main] INFO  o.a.catalina.core.StandardEngine.log 173 - Starting Servlet engine: [Apache Tomcat/9.0.62] 
2022-05-02 20:28:17.646 [main] INFO  o.a.c.c.C.[Tomcat].[localhost].[/].log 173 - Initializing Spring embedded WebApplicationContext 
2022-05-02 20:28:17.646 [main] INFO  o.s.b.w.s.c.ServletWebServerApplicationContext.prepareWebApplicationContext 290 - Root WebApplicationContext: initialization completed in 688 ms 
2022-05-02 20:28:17.670 [main] INFO  o.a.catalina.core.StandardContext.log 173 - Suspicious URL pattern: [/filter/name*] in context [], see sections 12.1 and 12.2 of the Servlet specification 
2022-05-02 20:28:17.878 [main] INFO  o.a.coyote.http11.Http11NioProtocol.log 173 - Starting ProtocolHandler ["http-nio-8080"] 
2022-05-02 20:28:17.897 [main] INFO  o.s.b.w.e.tomcat.TomcatWebServer.start 220 - Tomcat started on port(s): 8080 (http) with context path '' 
2022-05-02 20:28:17.905 [main] INFO  c.f.z.ZhangkuiSpringStudyApplication.logStarted 61 - Started ZhangkuiSpringStudyApplication in 1.25 seconds (JVM running for 1.883) 
2022-05-02 20:28:21.970 [http-nio-8080-exec-1] INFO  o.a.c.c.C.[Tomcat].[localhost].[/].log 173 - Initializing Spring DispatcherServlet 'dispatcherServlet' 
2022-05-02 20:28:21.971 [http-nio-8080-exec-1] INFO  o.s.web.servlet.DispatcherServlet.initServletBean 525 - Initializing Servlet 'dispatcherServlet' 
2022-05-02 20:28:21.972 [http-nio-8080-exec-1] INFO  o.s.web.servlet.DispatcherServlet.initServletBean 547 - Completed initialization in 1 ms 
2022-05-02 20:28:21.976 [http-nio-8080-exec-1] INFO  c.f.z.service.AgeFilter.doFilter 17 - age filter do  
2022-05-02 20:28:31.171 [http-nio-8080-exec-2] INFO  c.f.z.service.AgeFilter.doFilter 17 - age filter do  
2022-05-02 20:28:40.980 [main] INFO  c.f.z.ZhangkuiSpringStudyApplication.logStarting 55 - Starting ZhangkuiSpringStudyApplication using Java 1.8.0_202 on zhangkuideMacBook-Pro.local with PID 44878 (/Users/zhangkui/学习/自己总结/firebird/zhangkui-spring-study/build/classes/java/main started by zhangkui in /Users/zhangkui/学习/自己总结/firebird/zhangkui-spring-study) 
2022-05-02 20:28:40.982 [main] INFO  c.f.z.ZhangkuiSpringStudyApplication.logStartupProfileInfo 640 - No active profile set, falling back to 1 default profile: "default" 
2022-05-02 20:28:41.720 [main] INFO  o.s.b.w.e.tomcat.TomcatWebServer.initialize 108 - Tomcat initialized with port(s): 8080 (http) 
2022-05-02 20:28:41.727 [main] INFO  o.a.coyote.http11.Http11NioProtocol.log 173 - Initializing ProtocolHandler ["http-nio-8080"] 
2022-05-02 20:28:41.728 [main] INFO  o.a.catalina.core.StandardService.log 173 - Starting service [Tomcat] 
2022-05-02 20:28:41.728 [main] INFO  o.a.catalina.core.StandardEngine.log 173 - Starting Servlet engine: [Apache Tomcat/9.0.62] 
2022-05-02 20:28:41.830 [main] INFO  o.a.c.c.C.[Tomcat].[localhost].[/].log 173 - Initializing Spring embedded WebApplicationContext 
2022-05-02 20:28:41.830 [main] INFO  o.s.b.w.s.c.ServletWebServerApplicationContext.prepareWebApplicationContext 290 - Root WebApplicationContext: initialization completed in 815 ms 
2022-05-02 20:28:42.088 [main] INFO  o.a.coyote.http11.Http11NioProtocol.log 173 - Starting ProtocolHandler ["http-nio-8080"] 
2022-05-02 20:28:42.108 [main] INFO  o.s.b.w.e.tomcat.TomcatWebServer.start 220 - Tomcat started on port(s): 8080 (http) with context path '' 
2022-05-02 20:28:42.116 [main] INFO  c.f.z.ZhangkuiSpringStudyApplication.logStarted 61 - Started ZhangkuiSpringStudyApplication in 1.397 seconds (JVM running for 1.904) 
2022-05-02 20:28:46.461 [http-nio-8080-exec-1] INFO  o.a.c.c.C.[Tomcat].[localhost].[/].log 173 - Initializing Spring DispatcherServlet 'dispatcherServlet' 
2022-05-02 20:28:46.461 [http-nio-8080-exec-1] INFO  o.s.web.servlet.DispatcherServlet.initServletBean 525 - Initializing Servlet 'dispatcherServlet' 
2022-05-02 20:28:46.462 [http-nio-8080-exec-1] INFO  o.s.web.servlet.DispatcherServlet.initServletBean 547 - Completed initialization in 0 ms 
2022-05-02 20:28:46.468 [http-nio-8080-exec-1] INFO  c.f.z.service.NameFilterService.doFilter 18 - name filter do 
2022-05-02 20:28:46.468 [http-nio-8080-exec-1] INFO  c.f.z.service.AgeFilter.doFilter 17 - age filter do  
2022-05-02 20:28:55.177 [http-nio-8080-exec-2] INFO  c.f.z.service.AgeFilter.doFilter 17 - age filter do  
2022-05-02 20:29:26.638 [main] INFO  c.f.z.ZhangkuiSpringStudyApplication.logStarting 55 - Starting ZhangkuiSpringStudyApplication using Java 1.8.0_202 on zhangkuideMacBook-Pro.local with PID 44896 (/Users/zhangkui/学习/自己总结/firebird/zhangkui-spring-study/build/classes/java/main started by zhangkui in /Users/zhangkui/学习/自己总结/firebird/zhangkui-spring-study) 
2022-05-02 20:29:26.640 [main] INFO  c.f.z.ZhangkuiSpringStudyApplication.logStartupProfileInfo 640 - No active profile set, falling back to 1 default profile: "default" 
2022-05-02 20:29:27.259 [main] INFO  o.s.b.w.e.tomcat.TomcatWebServer.initialize 108 - Tomcat initialized with port(s): 8080 (http) 
2022-05-02 20:29:27.265 [main] INFO  o.a.coyote.http11.Http11NioProtocol.log 173 - Initializing ProtocolHandler ["http-nio-8080"] 
2022-05-02 20:29:27.266 [main] INFO  o.a.catalina.core.StandardService.log 173 - Starting service [Tomcat] 
2022-05-02 20:29:27.266 [main] INFO  o.a.catalina.core.StandardEngine.log 173 - Starting Servlet engine: [Apache Tomcat/9.0.62] 
2022-05-02 20:29:27.350 [main] INFO  o.a.c.c.C.[Tomcat].[localhost].[/].log 173 - Initializing Spring embedded WebApplicationContext 
2022-05-02 20:29:27.350 [main] INFO  o.s.b.w.s.c.ServletWebServerApplicationContext.prepareWebApplicationContext 290 - Root WebApplicationContext: initialization completed in 679 ms 
2022-05-02 20:29:27.572 [main] INFO  o.a.coyote.http11.Http11NioProtocol.log 173 - Starting ProtocolHandler ["http-nio-8080"] 
2022-05-02 20:29:27.590 [main] INFO  o.s.b.w.e.tomcat.TomcatWebServer.start 220 - Tomcat started on port(s): 8080 (http) with context path '' 
2022-05-02 20:29:27.597 [main] INFO  c.f.z.ZhangkuiSpringStudyApplication.logStarted 61 - Started ZhangkuiSpringStudyApplication in 1.219 seconds (JVM running for 1.71) 
2022-05-02 20:29:30.393 [http-nio-8080-exec-1] INFO  o.a.c.c.C.[Tomcat].[localhost].[/].log 173 - Initializing Spring DispatcherServlet 'dispatcherServlet' 
2022-05-02 20:29:30.394 [http-nio-8080-exec-1] INFO  o.s.web.servlet.DispatcherServlet.initServletBean 525 - Initializing Servlet 'dispatcherServlet' 
2022-05-02 20:29:30.396 [http-nio-8080-exec-1] INFO  o.s.web.servlet.DispatcherServlet.initServletBean 547 - Completed initialization in 2 ms 
2022-05-02 20:29:30.405 [http-nio-8080-exec-1] INFO  c.f.z.service.AgeFilter.doFilter 17 - age filter do  
2022-05-02 20:52:27.369 [main] INFO  c.f.z.ZhangkuiSpringStudyApplication.logStarting 55 - Starting ZhangkuiSpringStudyApplication using Java 1.8.0_202 on zhangkuideMacBook-Pro.local with PID 45094 (/Users/zhangkui/学习/自己总结/firebird/zhangkui-spring-study/build/classes/java/main started by zhangkui in /Users/zhangkui/学习/自己总结/firebird/zhangkui-spring-study) 
2022-05-02 20:52:27.371 [main] INFO  c.f.z.ZhangkuiSpringStudyApplication.logStartupProfileInfo 640 - No active profile set, falling back to 1 default profile: "default" 
2022-05-02 20:52:28.074 [main] INFO  o.s.b.w.e.tomcat.TomcatWebServer.initialize 108 - Tomcat initialized with port(s): 8080 (http) 
2022-05-02 20:52:28.082 [main] INFO  o.a.coyote.http11.Http11NioProtocol.log 173 - Initializing ProtocolHandler ["http-nio-8080"] 
2022-05-02 20:52:28.082 [main] INFO  o.a.catalina.core.StandardService.log 173 - Starting service [Tomcat] 
2022-05-02 20:52:28.083 [main] INFO  o.a.catalina.core.StandardEngine.log 173 - Starting Servlet engine: [Apache Tomcat/9.0.62] 
2022-05-02 20:52:28.182 [main] INFO  o.a.c.c.C.[Tomcat].[localhost].[/].log 173 - Initializing Spring embedded WebApplicationContext 
2022-05-02 20:52:28.183 [main] INFO  o.s.b.w.s.c.ServletWebServerApplicationContext.prepareWebApplicationContext 290 - Root WebApplicationContext: initialization completed in 781 ms 
2022-05-02 20:52:28.511 [main] INFO  o.a.coyote.http11.Http11NioProtocol.log 173 - Starting ProtocolHandler ["http-nio-8080"] 
2022-05-02 20:52:28.544 [main] INFO  o.s.b.w.e.tomcat.TomcatWebServer.start 220 - Tomcat started on port(s): 8080 (http) with context path '' 
2022-05-02 20:52:28.557 [main] INFO  c.f.z.ZhangkuiSpringStudyApplication.logStarted 61 - Started ZhangkuiSpringStudyApplication in 1.486 seconds (JVM running for 2.269) 
2022-05-02 20:52:36.022 [main] INFO  c.f.z.ZhangkuiSpringStudyApplication.logStarting 55 - Starting ZhangkuiSpringStudyApplication using Java 1.8.0_202 on zhangkuideMacBook-Pro.local with PID 45099 (/Users/zhangkui/学习/自己总结/firebird/zhangkui-spring-study/build/classes/java/main started by zhangkui in /Users/zhangkui/学习/自己总结/firebird/zhangkui-spring-study) 
2022-05-02 20:52:36.026 [main] INFO  c.f.z.ZhangkuiSpringStudyApplication.logStartupProfileInfo 640 - No active profile set, falling back to 1 default profile: "default" 
2022-05-02 20:52:36.871 [main] INFO  o.s.b.w.e.tomcat.TomcatWebServer.initialize 108 - Tomcat initialized with port(s): 8080 (http) 
2022-05-02 20:52:36.879 [main] INFO  o.a.coyote.http11.Http11NioProtocol.log 173 - Initializing ProtocolHandler ["http-nio-8080"] 
2022-05-02 20:52:36.880 [main] INFO  o.a.catalina.core.StandardService.log 173 - Starting service [Tomcat] 
2022-05-02 20:52:36.881 [main] INFO  o.a.catalina.core.StandardEngine.log 173 - Starting Servlet engine: [Apache Tomcat/9.0.62] 
2022-05-02 20:52:36.986 [main] INFO  o.a.c.c.C.[Tomcat].[localhost].[/].log 173 - Initializing Spring embedded WebApplicationContext 
2022-05-02 20:52:36.986 [main] INFO  o.s.b.w.s.c.ServletWebServerApplicationContext.prepareWebApplicationContext 290 - Root WebApplicationContext: initialization completed in 909 ms 
2022-05-02 20:52:37.283 [main] INFO  o.a.coyote.http11.Http11NioProtocol.log 173 - Starting ProtocolHandler ["http-nio-8080"] 
2022-05-02 20:52:37.306 [main] INFO  o.s.b.w.e.tomcat.TomcatWebServer.start 220 - Tomcat started on port(s): 8080 (http) with context path '' 
2022-05-02 20:52:37.317 [main] INFO  c.f.z.ZhangkuiSpringStudyApplication.logStarted 61 - Started ZhangkuiSpringStudyApplication in 1.606 seconds (JVM running for 2.394) 
2022-05-02 20:52:41.654 [http-nio-8080-exec-1] INFO  o.a.c.c.C.[Tomcat].[localhost].[/].log 173 - Initializing Spring DispatcherServlet 'dispatcherServlet' 
2022-05-02 20:52:41.654 [http-nio-8080-exec-1] INFO  o.s.web.servlet.DispatcherServlet.initServletBean 525 - Initializing Servlet 'dispatcherServlet' 
2022-05-02 20:52:41.655 [http-nio-8080-exec-1] INFO  o.s.web.servlet.DispatcherServlet.initServletBean 547 - Completed initialization in 1 ms 
2022-05-02 20:52:41.663 [http-nio-8080-exec-1] INFO  c.f.z.service.AgeFilter.doFilter 17 - age filter do  
2022-05-02 20:52:43.854 [http-nio-8080-exec-2] INFO  c.f.z.service.AgeFilter.doFilter 17 - age filter do  
2022-05-02 20:55:19.323 [main] INFO  c.f.z.ZhangkuiSpringStudyApplication.logStarting 55 - Starting ZhangkuiSpringStudyApplication using Java 1.8.0_202 on zhangkuideMacBook-Pro.local with PID 45118 (/Users/zhangkui/学习/自己总结/firebird/zhangkui-spring-study/build/classes/java/main started by zhangkui in /Users/zhangkui/学习/自己总结/firebird/zhangkui-spring-study) 
2022-05-02 20:55:19.340 [main] INFO  c.f.z.ZhangkuiSpringStudyApplication.logStartupProfileInfo 646 - The following 1 profile is active: "lcoal" 
2022-05-02 20:55:24.694 [main] INFO  o.s.b.w.e.tomcat.TomcatWebServer.initialize 108 - Tomcat initialized with port(s): 8080 (http) 
2022-05-02 20:55:24.737 [main] INFO  o.a.coyote.http11.Http11NioProtocol.log 173 - Initializing ProtocolHandler ["http-nio-8080"] 
2022-05-02 20:55:24.739 [main] INFO  o.a.catalina.core.StandardService.log 173 - Starting service [Tomcat] 
2022-05-02 20:55:24.741 [main] INFO  o.a.catalina.core.StandardEngine.log 173 - Starting Servlet engine: [Apache Tomcat/9.0.62] 
2022-05-02 20:55:25.445 [main] INFO  o.a.c.c.C.[Tomcat].[localhost].[/].log 173 - Initializing Spring embedded WebApplicationContext 
2022-05-02 20:55:25.446 [main] INFO  o.s.b.w.s.c.ServletWebServerApplicationContext.prepareWebApplicationContext 290 - Root WebApplicationContext: initialization completed in 5818 ms 
2022-05-02 20:55:28.238 [main] INFO  o.a.coyote.http11.Http11NioProtocol.log 173 - Starting ProtocolHandler ["http-nio-8080"] 
2022-05-02 20:55:28.298 [main] INFO  o.s.b.w.e.tomcat.TomcatWebServer.start 220 - Tomcat started on port(s): 8080 (http) with context path '' 
2022-05-02 20:55:28.388 [main] INFO  c.f.z.ZhangkuiSpringStudyApplication.logStarted 61 - Started ZhangkuiSpringStudyApplication in 10.95 seconds (JVM running for 65.184) 
2022-05-02 21:13:01.529 [RMI TCP Accept-0] WARN  sun.rmi.transport.tcp.log 237 - RMI TCP Accept-0: accept loop for ServerSocket[addr=0.0.0.0/0.0.0.0,localport=63305] throws 
java.io.IOException: The server sockets created using the LocalRMIServerSocketFactory only accept connections from clients running on the host where the RMI remote objects have been exported.
	at sun.management.jmxremote.LocalRMIServerSocketFactory$1.accept(LocalRMIServerSocketFactory.java:114)
	at sun.rmi.transport.tcp.TCPTransport$AcceptLoop.executeAcceptLoop(TCPTransport.java:405)
	at sun.rmi.transport.tcp.TCPTransport$AcceptLoop.run(TCPTransport.java:377)
	at java.lang.Thread.run(Thread.java:748)
2022-05-02 21:13:01.536 [RMI TCP Accept-0] WARN  sun.rmi.transport.tcp.log 237 - RMI TCP Accept-0: accept loop for ServerSocket[addr=0.0.0.0/0.0.0.0,localport=63305] throws 
java.io.IOException: The server sockets created using the LocalRMIServerSocketFactory only accept connections from clients running on the host where the RMI remote objects have been exported.
	at sun.management.jmxremote.LocalRMIServerSocketFactory$1.accept(LocalRMIServerSocketFactory.java:114)
	at sun.rmi.transport.tcp.TCPTransport$AcceptLoop.executeAcceptLoop(TCPTransport.java:405)
	at sun.rmi.transport.tcp.TCPTransport$AcceptLoop.run(TCPTransport.java:377)
	at java.lang.Thread.run(Thread.java:748)
2022-05-02 21:13:01.538 [RMI TCP Accept-0] WARN  sun.rmi.transport.tcp.log 237 - RMI TCP Accept-0: accept loop for ServerSocket[addr=0.0.0.0/0.0.0.0,localport=63305] throws 
java.io.IOException: The server sockets created using the LocalRMIServerSocketFactory only accept connections from clients running on the host where the RMI remote objects have been exported.
	at sun.management.jmxremote.LocalRMIServerSocketFactory$1.accept(LocalRMIServerSocketFactory.java:114)
	at sun.rmi.transport.tcp.TCPTransport$AcceptLoop.executeAcceptLoop(TCPTransport.java:405)
	at sun.rmi.transport.tcp.TCPTransport$AcceptLoop.run(TCPTransport.java:377)
	at java.lang.Thread.run(Thread.java:748)
2022-05-02 21:13:01.539 [RMI TCP Accept-0] WARN  sun.rmi.transport.tcp.log 237 - RMI TCP Accept-0: accept loop for ServerSocket[addr=0.0.0.0/0.0.0.0,localport=63305] throws 
java.io.IOException: The server sockets created using the LocalRMIServerSocketFactory only accept connections from clients running on the host where the RMI remote objects have been exported.
	at sun.management.jmxremote.LocalRMIServerSocketFactory$1.accept(LocalRMIServerSocketFactory.java:114)
	at sun.rmi.transport.tcp.TCPTransport$AcceptLoop.executeAcceptLoop(TCPTransport.java:405)
	at sun.rmi.transport.tcp.TCPTransport$AcceptLoop.run(TCPTransport.java:377)
	at java.lang.Thread.run(Thread.java:748)
2022-05-02 21:13:01.541 [RMI TCP Accept-0] WARN  sun.rmi.transport.tcp.log 237 - RMI TCP Accept-0: accept loop for ServerSocket[addr=0.0.0.0/0.0.0.0,localport=63305] throws 
java.io.IOException: The server sockets created using the LocalRMIServerSocketFactory only accept connections from clients running on the host where the RMI remote objects have been exported.
	at sun.management.jmxremote.LocalRMIServerSocketFactory$1.accept(LocalRMIServerSocketFactory.java:114)
	at sun.rmi.transport.tcp.TCPTransport$AcceptLoop.executeAcceptLoop(TCPTransport.java:405)
	at sun.rmi.transport.tcp.TCPTransport$AcceptLoop.run(TCPTransport.java:377)
	at java.lang.Thread.run(Thread.java:748)
2022-05-02 21:13:01.542 [RMI TCP Accept-0] WARN  sun.rmi.transport.tcp.log 237 - RMI TCP Accept-0: accept loop for ServerSocket[addr=0.0.0.0/0.0.0.0,localport=63305] throws 
java.io.IOException: The server sockets created using the LocalRMIServerSocketFactory only accept connections from clients running on the host where the RMI remote objects have been exported.
	at sun.management.jmxremote.LocalRMIServerSocketFactory$1.accept(LocalRMIServerSocketFactory.java:114)
	at sun.rmi.transport.tcp.TCPTransport$AcceptLoop.executeAcceptLoop(TCPTransport.java:405)
	at sun.rmi.transport.tcp.TCPTransport$AcceptLoop.run(TCPTransport.java:377)
	at java.lang.Thread.run(Thread.java:748)
2022-05-02 21:13:01.544 [RMI TCP Accept-0] WARN  sun.rmi.transport.tcp.log 237 - RMI TCP Accept-0: accept loop for ServerSocket[addr=0.0.0.0/0.0.0.0,localport=63305] throws 
java.io.IOException: The server sockets created using the LocalRMIServerSocketFactory only accept connections from clients running on the host where the RMI remote objects have been exported.
	at sun.management.jmxremote.LocalRMIServerSocketFactory$1.accept(LocalRMIServerSocketFactory.java:114)
	at sun.rmi.transport.tcp.TCPTransport$AcceptLoop.executeAcceptLoop(TCPTransport.java:405)
	at sun.rmi.transport.tcp.TCPTransport$AcceptLoop.run(TCPTransport.java:377)
	at java.lang.Thread.run(Thread.java:748)
2022-05-02 21:13:01.545 [RMI TCP Accept-0] WARN  sun.rmi.transport.tcp.log 237 - RMI TCP Accept-0: accept loop for ServerSocket[addr=0.0.0.0/0.0.0.0,localport=63305] throws 
java.io.IOException: The server sockets created using the LocalRMIServerSocketFactory only accept connections from clients running on the host where the RMI remote objects have been exported.
	at sun.management.jmxremote.LocalRMIServerSocketFactory$1.accept(LocalRMIServerSocketFactory.java:114)
	at sun.rmi.transport.tcp.TCPTransport$AcceptLoop.executeAcceptLoop(TCPTransport.java:405)
	at sun.rmi.transport.tcp.TCPTransport$AcceptLoop.run(TCPTransport.java:377)
	at java.lang.Thread.run(Thread.java:748)
2022-05-02 21:13:01.546 [RMI TCP Accept-0] WARN  sun.rmi.transport.tcp.log 237 - RMI TCP Accept-0: accept loop for ServerSocket[addr=0.0.0.0/0.0.0.0,localport=63305] throws 
java.io.IOException: The server sockets created using the LocalRMIServerSocketFactory only accept connections from clients running on the host where the RMI remote objects have been exported.
	at sun.management.jmxremote.LocalRMIServerSocketFactory$1.accept(LocalRMIServerSocketFactory.java:114)
	at sun.rmi.transport.tcp.TCPTransport$AcceptLoop.executeAcceptLoop(TCPTransport.java:405)
	at sun.rmi.transport.tcp.TCPTransport$AcceptLoop.run(TCPTransport.java:377)
	at java.lang.Thread.run(Thread.java:748)
2022-05-02 21:13:01.547 [RMI TCP Accept-0] WARN  sun.rmi.transport.tcp.log 237 - RMI TCP Accept-0: accept loop for ServerSocket[addr=0.0.0.0/0.0.0.0,localport=63305] throws 
java.io.IOException: The server sockets created using the LocalRMIServerSocketFactory only accept connections from clients running on the host where the RMI remote objects have been exported.
	at sun.management.jmxremote.LocalRMIServerSocketFactory$1.accept(LocalRMIServerSocketFactory.java:114)
	at sun.rmi.transport.tcp.TCPTransport$AcceptLoop.executeAcceptLoop(TCPTransport.java:405)
	at sun.rmi.transport.tcp.TCPTransport$AcceptLoop.run(TCPTransport.java:377)
	at java.lang.Thread.run(Thread.java:748)
2022-05-02 21:13:01.548 [RMI TCP Accept-0] WARN  sun.rmi.transport.tcp.log 237 - RMI TCP Accept-0: accept loop for ServerSocket[addr=0.0.0.0/0.0.0.0,localport=63305] throws 
java.io.IOException: The server sockets created using the LocalRMIServerSocketFactory only accept connections from clients running on the host where the RMI remote objects have been exported.
	at sun.management.jmxremote.LocalRMIServerSocketFactory$1.accept(LocalRMIServerSocketFactory.java:114)
	at sun.rmi.transport.tcp.TCPTransport$AcceptLoop.executeAcceptLoop(TCPTransport.java:405)
	at sun.rmi.transport.tcp.TCPTransport$AcceptLoop.run(TCPTransport.java:377)
	at java.lang.Thread.run(Thread.java:748)
2022-05-02 21:13:11.555 [RMI TCP Accept-0] WARN  sun.rmi.transport.tcp.log 237 - RMI TCP Accept-0: accept loop for ServerSocket[addr=0.0.0.0/0.0.0.0,localport=63305] throws 
java.io.IOException: The server sockets created using the LocalRMIServerSocketFactory only accept connections from clients running on the host where the RMI remote objects have been exported.
	at sun.management.jmxremote.LocalRMIServerSocketFactory$1.accept(LocalRMIServerSocketFactory.java:114)
	at sun.rmi.transport.tcp.TCPTransport$AcceptLoop.executeAcceptLoop(TCPTransport.java:405)
	at sun.rmi.transport.tcp.TCPTransport$AcceptLoop.run(TCPTransport.java:377)
	at java.lang.Thread.run(Thread.java:748)
2022-05-02 21:13:11.557 [RMI TCP Accept-0] WARN  sun.rmi.transport.tcp.log 237 - RMI TCP Accept-0: accept loop for ServerSocket[addr=0.0.0.0/0.0.0.0,localport=63305] throws 
java.io.IOException: The server sockets created using the LocalRMIServerSocketFactory only accept connections from clients running on the host where the RMI remote objects have been exported.
	at sun.management.jmxremote.LocalRMIServerSocketFactory$1.accept(LocalRMIServerSocketFactory.java:114)
	at sun.rmi.transport.tcp.TCPTransport$AcceptLoop.executeAcceptLoop(TCPTransport.java:405)
	at sun.rmi.transport.tcp.TCPTransport$AcceptLoop.run(TCPTransport.java:377)
	at java.lang.Thread.run(Thread.java:748)
2022-05-02 21:13:11.558 [RMI TCP Accept-0] WARN  sun.rmi.transport.tcp.log 237 - RMI TCP Accept-0: accept loop for ServerSocket[addr=0.0.0.0/0.0.0.0,localport=63305] throws 
java.io.IOException: The server sockets created using the LocalRMIServerSocketFactory only accept connections from clients running on the host where the RMI remote objects have been exported.
	at sun.management.jmxremote.LocalRMIServerSocketFactory$1.accept(LocalRMIServerSocketFactory.java:114)
	at sun.rmi.transport.tcp.TCPTransport$AcceptLoop.executeAcceptLoop(TCPTransport.java:405)
	at sun.rmi.transport.tcp.TCPTransport$AcceptLoop.run(TCPTransport.java:377)
	at java.lang.Thread.run(Thread.java:748)
2022-05-02 21:13:11.560 [RMI TCP Accept-0] WARN  sun.rmi.transport.tcp.log 237 - RMI TCP Accept-0: accept loop for ServerSocket[addr=0.0.0.0/0.0.0.0,localport=63305] throws 
java.io.IOException: The server sockets created using the LocalRMIServerSocketFactory only accept connections from clients running on the host where the RMI remote objects have been exported.
	at sun.management.jmxremote.LocalRMIServerSocketFactory$1.accept(LocalRMIServerSocketFactory.java:114)
	at sun.rmi.transport.tcp.TCPTransport$AcceptLoop.executeAcceptLoop(TCPTransport.java:405)
	at sun.rmi.transport.tcp.TCPTransport$AcceptLoop.run(TCPTransport.java:377)
	at java.lang.Thread.run(Thread.java:748)
2022-05-02 21:13:11.562 [RMI TCP Accept-0] WARN  sun.rmi.transport.tcp.log 237 - RMI TCP Accept-0: accept loop for ServerSocket[addr=0.0.0.0/0.0.0.0,localport=63305] throws 
java.io.IOException: The server sockets created using the LocalRMIServerSocketFactory only accept connections from clients running on the host where the RMI remote objects have been exported.
	at sun.management.jmxremote.LocalRMIServerSocketFactory$1.accept(LocalRMIServerSocketFactory.java:114)
	at sun.rmi.transport.tcp.TCPTransport$AcceptLoop.executeAcceptLoop(TCPTransport.java:405)
	at sun.rmi.transport.tcp.TCPTransport$AcceptLoop.run(TCPTransport.java:377)
	at java.lang.Thread.run(Thread.java:748)
2022-05-02 21:13:11.563 [RMI TCP Accept-0] WARN  sun.rmi.transport.tcp.log 237 - RMI TCP Accept-0: accept loop for ServerSocket[addr=0.0.0.0/0.0.0.0,localport=63305] throws 
java.io.IOException: The server sockets created using the LocalRMIServerSocketFactory only accept connections from clients running on the host where the RMI remote objects have been exported.
	at sun.management.jmxremote.LocalRMIServerSocketFactory$1.accept(LocalRMIServerSocketFactory.java:114)
	at sun.rmi.transport.tcp.TCPTransport$AcceptLoop.executeAcceptLoop(TCPTransport.java:405)
	at sun.rmi.transport.tcp.TCPTransport$AcceptLoop.run(TCPTransport.java:377)
	at java.lang.Thread.run(Thread.java:748)
2022-05-02 21:48:55.925 [main] INFO  c.f.z.ZhangkuiSpringStudyApplication.logStarting 55 - Starting ZhangkuiSpringStudyApplication using Java 1.8.0_202 on zhangkuideMacBook-Pro.local with PID 45558 (/Users/zhangkui/学习/自己总结/firebird/zhangkui-spring-study/build/classes/java/main started by zhangkui in /Users/zhangkui/学习/自己总结/firebird/zhangkui-spring-study) 
2022-05-02 21:48:55.931 [main] INFO  c.f.z.ZhangkuiSpringStudyApplication.logStartupProfileInfo 646 - The following 1 profile is active: "lcoal" 
2022-05-02 21:48:56.702 [main] INFO  o.s.b.w.e.tomcat.TomcatWebServer.initialize 108 - Tomcat initialized with port(s): 8080 (http) 
2022-05-02 21:48:56.711 [main] INFO  o.a.coyote.http11.Http11NioProtocol.log 173 - Initializing ProtocolHandler ["http-nio-8080"] 
2022-05-02 21:48:56.711 [main] INFO  o.a.catalina.core.StandardService.log 173 - Starting service [Tomcat] 
2022-05-02 21:48:56.712 [main] INFO  o.a.catalina.core.StandardEngine.log 173 - Starting Servlet engine: [Apache Tomcat/9.0.62] 
2022-05-02 21:48:56.805 [main] INFO  o.a.c.c.C.[Tomcat].[localhost].[/].log 173 - Initializing Spring embedded WebApplicationContext 
2022-05-02 21:48:56.806 [main] INFO  o.s.b.w.s.c.ServletWebServerApplicationContext.prepareWebApplicationContext 290 - Root WebApplicationContext: initialization completed in 826 ms 
2022-05-02 21:48:56.862 [main] WARN  o.s.b.w.s.c.AnnotationConfigServletWebServerApplicationContext.refresh 591 - Exception encountered during context initialization - cancelling refresh attempt: org.springframework.beans.factory.UnsatisfiedDependencyException: Error creating bean with name 'annotationController' defined in file [/Users/zhangkui/学习/自己总结/firebird/zhangkui-spring-study/build/classes/java/main/com/firebird/zhangkuispringstudy/controller/AnnotationController.class]: Unsatisfied dependency expressed through constructor parameter 0; nested exception is org.springframework.beans.factory.NoSuchBeanDefinitionException: No qualifying bean of type 'com.firebird.zhangkuispringstudy.service.AnnotationService' available: expected at least 1 bean which qualifies as autowire candidate. Dependency annotations: {} 
2022-05-02 21:48:56.864 [main] INFO  o.a.catalina.core.StandardService.log 173 - Stopping service [Tomcat] 
2022-05-02 21:48:56.873 [main] INFO  o.s.b.a.l.ConditionEvaluationReportLoggingListener.logMessage 136 - 

Error starting ApplicationContext. To display the conditions report re-run your application with 'debug' enabled. 
2022-05-02 21:48:56.889 [main] ERROR o.s.b.d.LoggingFailureAnalysisReporter.report 40 - 

***************************
APPLICATION FAILED TO START
***************************

Description:

Parameter 0 of constructor in com.firebird.zhangkuispringstudy.controller.AnnotationController required a bean of type 'com.firebird.zhangkuispringstudy.service.AnnotationService' that could not be found.


Action:

Consider defining a bean of type 'com.firebird.zhangkuispringstudy.service.AnnotationService' in your configuration.
 
2022-05-02 21:49:35.847 [main] INFO  c.f.z.ZhangkuiSpringStudyApplication.logStarting 55 - Starting ZhangkuiSpringStudyApplication using Java 1.8.0_202 on zhangkuideMacBook-Pro.local with PID 45576 (/Users/zhangkui/学习/自己总结/firebird/zhangkui-spring-study/build/classes/java/main started by zhangkui in /Users/zhangkui/学习/自己总结/firebird/zhangkui-spring-study) 
2022-05-02 21:49:35.849 [main] INFO  c.f.z.ZhangkuiSpringStudyApplication.logStartupProfileInfo 646 - The following 1 profile is active: "lcoal" 
2022-05-02 21:49:36.457 [main] INFO  o.s.b.w.e.tomcat.TomcatWebServer.initialize 108 - Tomcat initialized with port(s): 8080 (http) 
2022-05-02 21:49:36.463 [main] INFO  o.a.coyote.http11.Http11NioProtocol.log 173 - Initializing ProtocolHandler ["http-nio-8080"] 
2022-05-02 21:49:36.464 [main] INFO  o.a.catalina.core.StandardService.log 173 - Starting service [Tomcat] 
2022-05-02 21:49:36.464 [main] INFO  o.a.catalina.core.StandardEngine.log 173 - Starting Servlet engine: [Apache Tomcat/9.0.62] 
2022-05-02 21:49:36.546 [main] INFO  o.a.c.c.C.[Tomcat].[localhost].[/].log 173 - Initializing Spring embedded WebApplicationContext 
2022-05-02 21:49:36.546 [main] INFO  o.s.b.w.s.c.ServletWebServerApplicationContext.prepareWebApplicationContext 290 - Root WebApplicationContext: initialization completed in 665 ms 
2022-05-02 21:49:36.796 [main] INFO  o.a.coyote.http11.Http11NioProtocol.log 173 - Starting ProtocolHandler ["http-nio-8080"] 
2022-05-02 21:49:36.816 [main] INFO  o.s.b.w.e.tomcat.TomcatWebServer.start 220 - Tomcat started on port(s): 8080 (http) with context path '' 
2022-05-02 21:49:36.823 [main] INFO  c.f.z.ZhangkuiSpringStudyApplication.logStarted 61 - Started ZhangkuiSpringStudyApplication in 1.232 seconds (JVM running for 1.714) 
2022-05-02 21:49:38.893 [http-nio-8080-exec-1] INFO  o.a.c.c.C.[Tomcat].[localhost].[/].log 173 - Initializing Spring DispatcherServlet 'dispatcherServlet' 
2022-05-02 21:49:38.894 [http-nio-8080-exec-1] INFO  o.s.web.servlet.DispatcherServlet.initServletBean 525 - Initializing Servlet 'dispatcherServlet' 
2022-05-02 21:49:38.895 [http-nio-8080-exec-1] INFO  o.s.web.servlet.DispatcherServlet.initServletBean 547 - Completed initialization in 1 ms 
2022-05-02 21:49:38.900 [http-nio-8080-exec-1] INFO  c.f.z.service.AgeFilter.doFilter 17 - age filter do  
2022-05-02 21:50:08.761 [main] INFO  c.f.z.ZhangkuiSpringStudyApplication.logStarting 55 - Starting ZhangkuiSpringStudyApplication using Java 1.8.0_202 on zhangkuideMacBook-Pro.local with PID 45589 (/Users/zhangkui/学习/自己总结/firebird/zhangkui-spring-study/build/classes/java/main started by zhangkui in /Users/zhangkui/学习/自己总结/firebird/zhangkui-spring-study) 
2022-05-02 21:50:08.765 [main] INFO  c.f.z.ZhangkuiSpringStudyApplication.logStartupProfileInfo 646 - The following 1 profile is active: "lcoal" 
2022-05-02 21:50:09.414 [main] INFO  o.s.b.w.e.tomcat.TomcatWebServer.initialize 108 - Tomcat initialized with port(s): 8080 (http) 
2022-05-02 21:50:09.421 [main] INFO  o.a.coyote.http11.Http11NioProtocol.log 173 - Initializing ProtocolHandler ["http-nio-8080"] 
2022-05-02 21:50:09.422 [main] INFO  o.a.catalina.core.StandardService.log 173 - Starting service [Tomcat] 
2022-05-02 21:50:09.422 [main] INFO  o.a.catalina.core.StandardEngine.log 173 - Starting Servlet engine: [Apache Tomcat/9.0.62] 
2022-05-02 21:50:09.506 [main] INFO  o.a.c.c.C.[Tomcat].[localhost].[/].log 173 - Initializing Spring embedded WebApplicationContext 
2022-05-02 21:50:09.506 [main] INFO  o.s.b.w.s.c.ServletWebServerApplicationContext.prepareWebApplicationContext 290 - Root WebApplicationContext: initialization completed in 694 ms 
2022-05-02 21:50:09.726 [main] INFO  o.a.coyote.http11.Http11NioProtocol.log 173 - Starting ProtocolHandler ["http-nio-8080"] 
2022-05-02 21:50:09.745 [main] INFO  o.s.b.w.e.tomcat.TomcatWebServer.start 220 - Tomcat started on port(s): 8080 (http) with context path '' 
2022-05-02 21:50:09.753 [main] INFO  c.f.z.ZhangkuiSpringStudyApplication.logStarted 61 - Started ZhangkuiSpringStudyApplication in 1.343 seconds (JVM running for 1.921) 
2022-05-02 21:50:18.075 [http-nio-8080-exec-1] INFO  o.a.c.c.C.[Tomcat].[localhost].[/].log 173 - Initializing Spring DispatcherServlet 'dispatcherServlet' 
2022-05-02 21:50:18.075 [http-nio-8080-exec-1] INFO  o.s.web.servlet.DispatcherServlet.initServletBean 525 - Initializing Servlet 'dispatcherServlet' 
2022-05-02 21:50:18.076 [http-nio-8080-exec-1] INFO  o.s.web.servlet.DispatcherServlet.initServletBean 547 - Completed initialization in 1 ms 
2022-05-02 21:50:18.081 [http-nio-8080-exec-1] INFO  c.f.z.service.AgeFilter.doFilter 17 - age filter do  
2022-05-02 21:50:21.191 [http-nio-8080-exec-2] INFO  c.f.z.service.AgeFilter.doFilter 17 - age filter do  
2022-05-02 21:52:43.131 [main] INFO  c.f.z.ZhangkuiSpringStudyApplication.logStarting 55 - Starting ZhangkuiSpringStudyApplication using Java 1.8.0_202 on zhangkuideMacBook-Pro.local with PID 45644 (/Users/zhangkui/学习/自己总结/firebird/zhangkui-spring-study/build/classes/java/main started by zhangkui in /Users/zhangkui/学习/自己总结/firebird/zhangkui-spring-study) 
2022-05-02 21:52:43.133 [main] INFO  c.f.z.ZhangkuiSpringStudyApplication.logStartupProfileInfo 646 - The following 1 profile is active: "lcoal" 
2022-05-02 21:52:44.016 [main] INFO  o.s.b.w.e.tomcat.TomcatWebServer.initialize 108 - Tomcat initialized with port(s): 8080 (http) 
2022-05-02 21:52:44.026 [main] INFO  o.a.coyote.http11.Http11NioProtocol.log 173 - Initializing ProtocolHandler ["http-nio-8080"] 
2022-05-02 21:52:44.027 [main] INFO  o.a.catalina.core.StandardService.log 173 - Starting service [Tomcat] 
2022-05-02 21:52:44.028 [main] INFO  o.a.catalina.core.StandardEngine.log 173 - Starting Servlet engine: [Apache Tomcat/9.0.62] 
2022-05-02 21:52:44.126 [main] INFO  o.a.c.c.C.[Tomcat].[localhost].[/].log 173 - Initializing Spring embedded WebApplicationContext 
2022-05-02 21:52:44.127 [main] INFO  o.s.b.w.s.c.ServletWebServerApplicationContext.prepareWebApplicationContext 290 - Root WebApplicationContext: initialization completed in 962 ms 
2022-05-02 21:52:44.389 [main] INFO  o.a.coyote.http11.Http11NioProtocol.log 173 - Starting ProtocolHandler ["http-nio-8080"] 
2022-05-02 21:52:44.413 [main] INFO  o.s.b.w.e.tomcat.TomcatWebServer.start 220 - Tomcat started on port(s): 8080 (http) with context path '' 
2022-05-02 21:52:44.424 [main] INFO  c.f.z.ZhangkuiSpringStudyApplication.logStarted 61 - Started ZhangkuiSpringStudyApplication in 1.559 seconds (JVM running for 2.248) 
2022-05-02 21:52:46.406 [http-nio-8080-exec-1] INFO  o.a.c.c.C.[Tomcat].[localhost].[/].log 173 - Initializing Spring DispatcherServlet 'dispatcherServlet' 
2022-05-02 21:52:46.406 [http-nio-8080-exec-1] INFO  o.s.web.servlet.DispatcherServlet.initServletBean 525 - Initializing Servlet 'dispatcherServlet' 
2022-05-02 21:52:46.407 [http-nio-8080-exec-1] INFO  o.s.web.servlet.DispatcherServlet.initServletBean 547 - Completed initialization in 1 ms 
2022-05-02 21:52:46.413 [http-nio-8080-exec-1] INFO  c.f.z.service.AgeFilter.doFilter 17 - age filter do  
2022-05-02 21:52:46.428 [http-nio-8080-exec-1] INFO  c.f.z.service.AnnotationService.repeatable 13 - 测试注解处理的service 
2022-05-02 21:52:50.870 [http-nio-8080-exec-2] INFO  c.f.z.service.AgeFilter.doFilter 17 - age filter do  
2022-05-02 21:52:50.871 [http-nio-8080-exec-2] INFO  c.f.z.service.AnnotationService.repeatable 13 - 测试注解处理的service 
2022-05-02 21:56:00.681 [main] INFO  c.f.z.ZhangkuiSpringStudyApplication.logStarting 55 - Starting ZhangkuiSpringStudyApplication using Java 1.8.0_202 on zhangkuideMacBook-Pro.local with PID 45686 (/Users/zhangkui/学习/自己总结/firebird/zhangkui-spring-study/build/classes/java/main started by zhangkui in /Users/zhangkui/学习/自己总结/firebird/zhangkui-spring-study) 
2022-05-02 21:56:00.683 [main] INFO  c.f.z.ZhangkuiSpringStudyApplication.logStartupProfileInfo 646 - The following 1 profile is active: "lcoal" 
2022-05-02 21:56:01.417 [main] INFO  o.s.b.w.e.tomcat.TomcatWebServer.initialize 108 - Tomcat initialized with port(s): 8080 (http) 
2022-05-02 21:56:01.425 [main] INFO  o.a.coyote.http11.Http11NioProtocol.log 173 - Initializing ProtocolHandler ["http-nio-8080"] 
2022-05-02 21:56:01.426 [main] INFO  o.a.catalina.core.StandardService.log 173 - Starting service [Tomcat] 
2022-05-02 21:56:01.426 [main] INFO  o.a.catalina.core.StandardEngine.log 173 - Starting Servlet engine: [Apache Tomcat/9.0.62] 
2022-05-02 21:56:01.526 [main] INFO  o.a.c.c.C.[Tomcat].[localhost].[/].log 173 - Initializing Spring embedded WebApplicationContext 
2022-05-02 21:56:01.527 [main] INFO  o.s.b.w.s.c.ServletWebServerApplicationContext.prepareWebApplicationContext 290 - Root WebApplicationContext: initialization completed in 814 ms 
2022-05-02 21:56:01.815 [main] INFO  o.a.coyote.http11.Http11NioProtocol.log 173 - Starting ProtocolHandler ["http-nio-8080"] 
2022-05-02 21:56:01.836 [main] INFO  o.s.b.w.e.tomcat.TomcatWebServer.start 220 - Tomcat started on port(s): 8080 (http) with context path '' 
2022-05-02 21:56:01.850 [main] INFO  c.f.z.ZhangkuiSpringStudyApplication.logStarted 61 - Started ZhangkuiSpringStudyApplication in 1.434 seconds (JVM running for 2.101) 
2022-05-02 21:56:03.406 [http-nio-8080-exec-1] INFO  o.a.c.c.C.[Tomcat].[localhost].[/].log 173 - Initializing Spring DispatcherServlet 'dispatcherServlet' 
2022-05-02 21:56:03.406 [http-nio-8080-exec-1] INFO  o.s.web.servlet.DispatcherServlet.initServletBean 525 - Initializing Servlet 'dispatcherServlet' 
2022-05-02 21:56:03.407 [http-nio-8080-exec-1] INFO  o.s.web.servlet.DispatcherServlet.initServletBean 547 - Completed initialization in 1 ms 
2022-05-02 21:56:03.412 [http-nio-8080-exec-1] INFO  c.f.z.service.AgeFilter.doFilter 17 - age filter do  
2022-05-02 21:56:03.427 [http-nio-8080-exec-1] INFO  c.f.z.service.AnnotationService.repeatable 20 - 测试注解处理的service 
2022-05-02 21:56:03.427 [http-nio-8080-exec-1] INFO  c.f.z.a.handler.ReportHandler.handleReport 26 - report 注解的处理类 
2022-05-02 21:56:44.447 [main] INFO  c.f.z.ZhangkuiSpringStudyApplication.logStarting 55 - Starting ZhangkuiSpringStudyApplication using Java 1.8.0_202 on zhangkuideMacBook-Pro.local with PID 45699 (/Users/zhangkui/学习/自己总结/firebird/zhangkui-spring-study/build/classes/java/main started by zhangkui in /Users/zhangkui/学习/自己总结/firebird/zhangkui-spring-study) 
2022-05-02 21:56:44.449 [main] INFO  c.f.z.ZhangkuiSpringStudyApplication.logStartupProfileInfo 646 - The following 1 profile is active: "lcoal" 
2022-05-02 21:56:45.047 [main] INFO  o.s.b.w.e.tomcat.TomcatWebServer.initialize 108 - Tomcat initialized with port(s): 8080 (http) 
2022-05-02 21:56:45.053 [main] INFO  o.a.coyote.http11.Http11NioProtocol.log 173 - Initializing ProtocolHandler ["http-nio-8080"] 
2022-05-02 21:56:45.054 [main] INFO  o.a.catalina.core.StandardService.log 173 - Starting service [Tomcat] 
2022-05-02 21:56:45.054 [main] INFO  o.a.catalina.core.StandardEngine.log 173 - Starting Servlet engine: [Apache Tomcat/9.0.62] 
2022-05-02 21:56:45.134 [main] INFO  o.a.c.c.C.[Tomcat].[localhost].[/].log 173 - Initializing Spring embedded WebApplicationContext 
2022-05-02 21:56:45.134 [main] INFO  o.s.b.w.s.c.ServletWebServerApplicationContext.prepareWebApplicationContext 290 - Root WebApplicationContext: initialization completed in 656 ms 
2022-05-02 21:56:45.364 [main] INFO  o.a.coyote.http11.Http11NioProtocol.log 173 - Starting ProtocolHandler ["http-nio-8080"] 
2022-05-02 21:56:45.383 [main] INFO  o.s.b.w.e.tomcat.TomcatWebServer.start 220 - Tomcat started on port(s): 8080 (http) with context path '' 
2022-05-02 21:56:45.390 [main] INFO  c.f.z.ZhangkuiSpringStudyApplication.logStarted 61 - Started ZhangkuiSpringStudyApplication in 1.19 seconds (JVM running for 1.683) 
2022-05-02 21:56:49.015 [http-nio-8080-exec-1] INFO  o.a.c.c.C.[Tomcat].[localhost].[/].log 173 - Initializing Spring DispatcherServlet 'dispatcherServlet' 
2022-05-02 21:56:49.016 [http-nio-8080-exec-1] INFO  o.s.web.servlet.DispatcherServlet.initServletBean 525 - Initializing Servlet 'dispatcherServlet' 
2022-05-02 21:56:49.016 [http-nio-8080-exec-1] INFO  o.s.web.servlet.DispatcherServlet.initServletBean 547 - Completed initialization in 0 ms 
2022-05-02 21:56:49.022 [http-nio-8080-exec-1] INFO  c.f.z.service.AgeFilter.doFilter 17 - age filter do  
2022-05-02 21:56:49.038 [http-nio-8080-exec-1] INFO  c.f.z.service.AnnotationService.repeatable 20 - 测试注解处理的service 
2022-05-02 21:56:49.039 [http-nio-8080-exec-1] INFO  c.f.z.a.handler.ReportHandler.handleReport 26 - report 注解的处理类 
2022-05-02 21:56:49.039 [http-nio-8080-exec-1] INFO  c.f.z.a.handler.ReportHandler.handleReport 31 - type is : 3 
