2022-05-03 17:19:50.386 [http-nio-8080-exec-4] INFO  c.f.z.service.NameFilterService.doFilter 18 - name filter do 
2022-05-03 17:19:50.422 [http-nio-8080-exec-4] INFO  c.f.z.service.AgeFilter.doFilter 17 - age filter do  
2022-05-03 17:20:13.176 [http-nio-8080-exec-5] INFO  c.f.z.service.AgeFilter.doFilter 17 - age filter do  
2022-05-03 17:20:17.428 [http-nio-8080-exec-6] INFO  c.f.z.service.AgeFilter.doFilter 17 - age filter do  
2022-05-03 17:20:20.830 [http-nio-8080-exec-7] INFO  c.f.z.service.NameFilterService.doFilter 18 - name filter do 
2022-05-03 17:20:20.830 [http-nio-8080-exec-7] INFO  c.f.z.service.AgeFilter.doFilter 17 - age filter do  
2022-05-03 17:20:35.407 [http-nio-8080-exec-8] INFO  c.f.z.service.NameFilterService.doFilter 18 - name filter do 
2022-05-03 17:20:35.408 [http-nio-8080-exec-8] INFO  c.f.z.service.AgeFilter.doFilter 17 - age filter do  
2022-05-03 17:20:37.711 [http-nio-8080-exec-9] INFO  c.f.z.service.NameFilterService.doFilter 18 - name filter do 
2022-05-03 17:20:37.729 [http-nio-8080-exec-9] INFO  c.f.z.service.AgeFilter.doFilter 17 - age filter do  
2022-05-03 17:20:38.578 [http-nio-8080-exec-10] INFO  c.f.z.service.NameFilterService.doFilter 18 - name filter do 
2022-05-03 17:20:38.579 [http-nio-8080-exec-10] INFO  c.f.z.service.AgeFilter.doFilter 17 - age filter do  
2022-05-03 17:20:38.959 [http-nio-8080-exec-1] INFO  c.f.z.service.NameFilterService.doFilter 18 - name filter do 
2022-05-03 17:20:38.960 [http-nio-8080-exec-1] INFO  c.f.z.service.AgeFilter.doFilter 17 - age filter do  
2022-05-03 17:20:43.624 [http-nio-8080-exec-2] INFO  c.f.z.service.AgeFilter.doFilter 17 - age filter do  
2022-05-03 17:20:43.626 [http-nio-8080-exec-2] INFO  c.f.z.service.AnnotationService.repeatable 20 - 测试注解处理的service 
2022-05-03 17:20:43.630 [http-nio-8080-exec-2] INFO  c.f.z.a.handler.ReportHandler.handleReport 26 - report 注解的处理类 
2022-05-03 17:20:43.631 [http-nio-8080-exec-2] INFO  c.f.z.a.handler.ReportHandler.handleReport 31 - type is : 3 
2022-05-03 17:20:45.913 [http-nio-8080-exec-3] INFO  c.f.z.service.AgeFilter.doFilter 17 - age filter do  
2022-05-03 17:20:45.914 [http-nio-8080-exec-3] INFO  c.f.z.service.AnnotationService.repeatable 20 - 测试注解处理的service 
2022-05-03 17:20:45.914 [http-nio-8080-exec-3] INFO  c.f.z.a.handler.ReportHandler.handleReport 26 - report 注解的处理类 
2022-05-03 17:20:45.915 [http-nio-8080-exec-3] INFO  c.f.z.a.handler.ReportHandler.handleReport 31 - type is : 3 
2022-05-03 17:20:46.810 [http-nio-8080-exec-4] INFO  c.f.z.service.AgeFilter.doFilter 17 - age filter do  
2022-05-03 17:20:46.811 [http-nio-8080-exec-4] INFO  c.f.z.service.AnnotationService.repeatable 20 - 测试注解处理的service 
2022-05-03 17:20:46.812 [http-nio-8080-exec-4] INFO  c.f.z.a.handler.ReportHandler.handleReport 26 - report 注解的处理类 
2022-05-03 17:20:46.812 [http-nio-8080-exec-4] INFO  c.f.z.a.handler.ReportHandler.handleReport 31 - type is : 3 
2022-05-03 21:10:59.079 [main] INFO  c.f.z.ZhangkuiSpringStudyApplication.logStarting 55 - Starting ZhangkuiSpringStudyApplication using Java 1.8.0_202 on bogon with PID 47557 (/Users/zhangkui/学习/自己总结/firebird/zhangkui-spring-study/build/classes/java/main started by zhangkui in /Users/zhangkui/学习/自己总结/firebird/zhangkui-spring-study) 
2022-05-03 21:10:59.082 [main] INFO  c.f.z.ZhangkuiSpringStudyApplication.logStartupProfileInfo 646 - The following 1 profile is active: "lcoal" 
2022-05-03 21:10:59.774 [main] INFO  o.s.b.w.e.tomcat.TomcatWebServer.initialize 108 - Tomcat initialized with port(s): 8080 (http) 
2022-05-03 21:10:59.782 [main] INFO  o.a.coyote.http11.Http11NioProtocol.log 173 - Initializing ProtocolHandler ["http-nio-8080"] 
2022-05-03 21:10:59.783 [main] INFO  o.a.catalina.core.StandardService.log 173 - Starting service [Tomcat] 
2022-05-03 21:10:59.783 [main] INFO  o.a.catalina.core.StandardEngine.log 173 - Starting Servlet engine: [Apache Tomcat/9.0.62] 
2022-05-03 21:10:59.894 [main] INFO  o.a.c.c.C.[Tomcat].[localhost].[/].log 173 - Initializing Spring embedded WebApplicationContext 
2022-05-03 21:10:59.895 [main] INFO  o.s.b.w.s.c.ServletWebServerApplicationContext.prepareWebApplicationContext 290 - Root WebApplicationContext: initialization completed in 778 ms 
2022-05-03 21:11:00.163 [main] INFO  o.a.coyote.http11.Http11NioProtocol.log 173 - Starting ProtocolHandler ["http-nio-8080"] 
2022-05-03 21:11:00.184 [main] INFO  o.s.b.w.e.tomcat.TomcatWebServer.start 220 - Tomcat started on port(s): 8080 (http) with context path '' 
2022-05-03 21:11:00.192 [main] INFO  c.f.z.ZhangkuiSpringStudyApplication.logStarted 61 - Started ZhangkuiSpringStudyApplication in 1.436 seconds (JVM running for 2.137) 
